2022-02-23 11:00:10.448  INFO 8796 --- [main] com.DemoApplication                      : Starting DemoApplication using Java 1.8.0_241 on HDB-20190422TYC with PID 8796 (D:\demomock\target\classes started by Administrator in D:\demomock)
2022-02-23 11:00:10.459  INFO 8796 --- [main] com.DemoApplication                      : No active profile set, falling back to default profiles: default
2022-02-23 11:00:13.573  INFO 8796 --- [main] o.s.b.w.embedded.tomcat.TomcatWebServer  : Tomcat initialized with port(s): 8800 (http)
2022-02-23 11:00:13.585  INFO 8796 --- [main] o.apache.catalina.core.StandardService   : Starting service [Tomcat]
2022-02-23 11:00:13.586  INFO 8796 --- [main] org.apache.catalina.core.StandardEngine  : Starting Servlet engine: [Apache Tomcat/9.0.53]
2022-02-23 11:00:13.807  INFO 8796 --- [main] o.a.c.c.C.[Tomcat].[localhost].[/]       : Initializing Spring embedded WebApplicationContext
2022-02-23 11:00:13.807  INFO 8796 --- [main] w.s.c.ServletWebServerApplicationContext : Root WebApplicationContext: initialization completed in 3259 ms
2022-02-23 11:00:14.247  INFO 8796 --- [main] pertySourcedRequestMappingHandlerMapping : Mapped URL path [/v2/api-docs] onto method [springfox.documentation.swagger2.web.Swagger2Controller#getDocumentation(String, HttpServletRequest)]
2022-02-23 11:00:14.493  INFO 8796 --- [main] o.s.b.w.embedded.tomcat.TomcatWebServer  : Tomcat started on port(s): 8800 (http) with context path ''
2022-02-23 11:00:14.494  INFO 8796 --- [main] d.s.w.p.DocumentationPluginsBootstrapper : Context refreshed
2022-02-23 11:00:14.510  INFO 8796 --- [main] d.s.w.p.DocumentationPluginsBootstrapper : Found 1 custom documentation plugin(s)
2022-02-23 11:00:14.547  INFO 8796 --- [main] s.d.s.w.s.ApiListingReferenceScanner     : Scanning for api listing references
2022-02-23 11:00:14.753  INFO 8796 --- [main] .d.s.w.r.o.CachingOperationNameGenerator : Generating unique operation named: successOrderMockUsingPOST_1
2022-02-23 11:00:14.773  INFO 8796 --- [main] com.DemoApplication                      : Started DemoApplication in 5.139 seconds (JVM running for 6.748)
2022-02-23 11:00:54.893  INFO 8796 --- [http-nio-8800-exec-1] o.a.c.c.C.[Tomcat].[localhost].[/]       : Initializing Spring DispatcherServlet 'dispatcherServlet'
2022-02-23 11:00:54.893  INFO 8796 --- [http-nio-8800-exec-1] o.s.web.servlet.DispatcherServlet        : Initializing Servlet 'dispatcherServlet'
2022-02-23 11:00:54.895  INFO 8796 --- [http-nio-8800-exec-1] o.s.web.servlet.DispatcherServlet        : Completed initialization in 2 ms
2022-02-23 11:00:54.916  INFO 8796 --- [http-nio-8800-exec-1] com.controller.SuccessQueryPMock         : {}
2022-02-23 11:00:54.916  INFO 8796 --- [http-nio-8800-exec-1] com.controller.SuccessQueryPMock         : {"code":"0","data":[{"foodid":"27","foodimg":"https://www.sumzc.com/uploads/2021-01-26/2021012604063464291.jpg","foodname":"燕麦拿铁","medium_cup_original":"29.00","foodprice":"25.5"}],"msg":"OK"}
2022-02-23 11:00:55.017  INFO 8796 --- [http-nio-8800-exec-2] com.controller.SuccesssOrderMock         : {addtime=1645585424, openid=123, order_info=[{"foodname":"燕麦拿铁","num":"2","id":"27"}], order_no=202202221556, phone=12000000021, uidkey=Ej9EMuYb, secret=f98437f0d36425256f05c3368e57a5ae}
2022-02-23 11:00:55.017  INFO 8796 --- [http-nio-8800-exec-2] com.controller.SuccesssOrderMock         : {"code":"0","msg":"OK"}
2022-02-23 11:00:55.033  INFO 8796 --- [http-nio-8800-exec-4] com.controller.SuccessQueryMock          : {"code":"0","data":{"order":[{"order_no":"202202221556","orderid":"111117","foodimg":"https://www.laoluo100.com/gLD_management/./upload/2021-01-26/2021012604063464291.jpg","phone":"12000000021","openid":"123","foodid":"27","finish_order_time":"1632643897","proname":"燕麦拿铁","order_time":"1632643897","state":"0"},{"order_no":"202202221556","orderid":"111118","foodimg":"https://www.laoluo100.com/gLD_management/./upload/2021-01-26/2021012604063464292.jpg","phone":"12000000021","openid":"123","foodid":"27","finish_order_time":"1632643897","proname":"燕麦拿铁","order_time":"1632643897","state":"0"}],"total":2},"msg":"OK"}
2022-02-23 11:00:55.043  INFO 8796 --- [http-nio-8800-exec-6] com.controller.SuccessQueryPMock         : {}
2022-02-23 11:00:55.044  INFO 8796 --- [http-nio-8800-exec-6] com.controller.SuccessQueryPMock         : {"code":"0","data":[{"foodid":"27","foodimg":"https://www.sumzc.com/uploads/2021-01-26/2021012604063464291.jpg","foodname":"燕麦拿铁","medium_cup_original":"29.00","foodprice":"25.5"}],"msg":"OK"}
2022-02-23 11:00:55.056  INFO 8796 --- [http-nio-8800-exec-8] com.controller.SuccessQueryPMock         : {}
2022-02-23 11:00:55.056  INFO 8796 --- [http-nio-8800-exec-8] com.controller.SuccessQueryPMock         : {"code":"0","data":[{"foodid":"27","foodimg":"https://www.sumzc.com/uploads/2021-01-26/2021012604063464291.jpg","foodname":"燕麦拿铁","medium_cup_original":"29.00","foodprice":"25.5"}],"msg":"OK"}
2022-02-23 11:00:55.072  INFO 8796 --- [http-nio-8800-exec-10] com.controller.SuccessQueryPMock         : {}
2022-02-23 11:00:55.072  INFO 8796 --- [http-nio-8800-exec-10] com.controller.SuccessQueryPMock         : {"code":"0","data":[{"foodid":"27","foodimg":"https://www.sumzc.com/uploads/2021-01-26/2021012604063464291.jpg","foodname":"燕麦拿铁","medium_cup_original":"29.00","foodprice":"25.5"}],"msg":"OK"}
2022-02-23 11:00:55.083  INFO 8796 --- [http-nio-8800-exec-2] com.controller.SuccessQueryPMock         : {}
2022-02-23 11:00:55.084  INFO 8796 --- [http-nio-8800-exec-2] com.controller.SuccessQueryPMock         : {"code":"0","data":[{"foodid":"27","foodimg":"https://www.sumzc.com/uploads/2021-01-26/2021012604063464291.jpg","foodname":"燕麦拿铁","medium_cup_original":"29.00","foodprice":"25.5"}],"msg":"OK"}
2022-02-23 13:31:33.071  INFO 13568 --- [main] com.DemoApplication                      : Starting DemoApplication using Java 1.8.0_241 on HDB-20190422TYC with PID 13568 (D:\demomock\target\classes started by Administrator in D:\demomock)
2022-02-23 13:31:33.076  INFO 13568 --- [main] com.DemoApplication                      : No active profile set, falling back to default profiles: default
2022-02-23 13:31:36.200  INFO 13568 --- [main] o.s.b.w.embedded.tomcat.TomcatWebServer  : Tomcat initialized with port(s): 8800 (http)
2022-02-23 13:31:36.212  INFO 13568 --- [main] o.apache.catalina.core.StandardService   : Starting service [Tomcat]
2022-02-23 13:31:36.213  INFO 13568 --- [main] org.apache.catalina.core.StandardEngine  : Starting Servlet engine: [Apache Tomcat/9.0.53]
2022-02-23 13:31:36.355  INFO 13568 --- [main] o.a.c.c.C.[Tomcat].[localhost].[/]       : Initializing Spring embedded WebApplicationContext
2022-02-23 13:31:36.355  INFO 13568 --- [main] w.s.c.ServletWebServerApplicationContext : Root WebApplicationContext: initialization completed in 3195 ms
2022-02-23 13:31:36.793  INFO 13568 --- [main] pertySourcedRequestMappingHandlerMapping : Mapped URL path [/v2/api-docs] onto method [springfox.documentation.swagger2.web.Swagger2Controller#getDocumentation(String, HttpServletRequest)]
2022-02-23 13:31:37.055  INFO 13568 --- [main] o.s.b.w.embedded.tomcat.TomcatWebServer  : Tomcat started on port(s): 8800 (http) with context path ''
2022-02-23 13:31:37.056  INFO 13568 --- [main] d.s.w.p.DocumentationPluginsBootstrapper : Context refreshed
2022-02-23 13:31:37.071  INFO 13568 --- [main] d.s.w.p.DocumentationPluginsBootstrapper : Found 1 custom documentation plugin(s)
2022-02-23 13:31:37.111  INFO 13568 --- [main] s.d.s.w.s.ApiListingReferenceScanner     : Scanning for api listing references
2022-02-23 13:31:37.313  INFO 13568 --- [main] .d.s.w.r.o.CachingOperationNameGenerator : Generating unique operation named: successOrderMockUsingPOST_1
2022-02-23 13:31:37.335  INFO 13568 --- [main] com.DemoApplication                      : Started DemoApplication in 5.162 seconds (JVM running for 6.584)
2022-02-23 13:33:46.539  INFO 13568 --- [http-nio-8800-exec-1] o.a.c.c.C.[Tomcat].[localhost].[/]       : Initializing Spring DispatcherServlet 'dispatcherServlet'
2022-02-23 13:33:46.540  INFO 13568 --- [http-nio-8800-exec-1] o.s.web.servlet.DispatcherServlet        : Initializing Servlet 'dispatcherServlet'
2022-02-23 13:33:46.541  INFO 13568 --- [http-nio-8800-exec-1] o.s.web.servlet.DispatcherServlet        : Completed initialization in 1 ms
2022-02-23 13:33:46.563  INFO 13568 --- [http-nio-8800-exec-1] com.controller.SuccessQueryPMock         : {}
2022-02-23 13:33:46.564  INFO 13568 --- [http-nio-8800-exec-1] com.controller.SuccessQueryPMock         : {"code":"0","data":[{"foodid":"27","foodimg":"https://www.sumzc.com/uploads/2021-01-26/2021012604063464291.jpg","foodname":"燕麦拿铁","medium_cup_original":"29.00","foodprice":"25.5"}],"msg":"OK"}
2022-02-23 13:33:46.659  INFO 13568 --- [http-nio-8800-exec-2] com.controller.SuccesssOrderMock         : {addtime=1645594597, openid=123, order_info=[{"foodname":"燕麦拿铁","num":"2","id":"27"}], order_no=202202221557, phone=12000000021, uidkey=Ej9EMuYb, secret=e34335dd1c1d6a5e8a12f483955b4dff}
2022-02-23 13:33:46.659  INFO 13568 --- [http-nio-8800-exec-2] com.controller.SuccesssOrderMock         : {"code":"0","msg":"OK"}
2022-02-23 13:33:46.675  INFO 13568 --- [http-nio-8800-exec-4] com.controller.SuccessQueryMock          : {"code":"0","data":{"order":[{"order_no":"202202221557","orderid":"111119","foodimg":"https://www.laoluo100.com/gLD_management/./upload/2021-01-26/2021012604063464291.jpg","phone":"12000000021","openid":"123","foodid":"27","finish_order_time":"1632643897","proname":"燕麦拿铁","order_time":"1632643897","state":"0"},{"order_no":"202202221557","orderid":"111120","foodimg":"https://www.laoluo100.com/gLD_management/./upload/2021-01-26/2021012604063464292.jpg","phone":"12000000021","openid":"123","foodid":"27","finish_order_time":"1632643897","proname":"燕麦拿铁","order_time":"1632643897","state":"0"}],"total":2},"msg":"OK"}
2022-02-23 13:33:46.684  INFO 13568 --- [http-nio-8800-exec-6] com.controller.SuccessQueryPMock         : {}
2022-02-23 13:33:46.684  INFO 13568 --- [http-nio-8800-exec-6] com.controller.SuccessQueryPMock         : {"code":"0","data":[{"foodid":"27","foodimg":"https://www.sumzc.com/uploads/2021-01-26/2021012604063464291.jpg","foodname":"燕麦拿铁","medium_cup_original":"29.00","foodprice":"25.5"}],"msg":"OK"}
2022-02-23 13:33:46.696  INFO 13568 --- [http-nio-8800-exec-8] com.controller.SuccessQueryPMock         : {}
2022-02-23 13:33:46.697  INFO 13568 --- [http-nio-8800-exec-8] com.controller.SuccessQueryPMock         : {"code":"0","data":[{"foodid":"27","foodimg":"https://www.sumzc.com/uploads/2021-01-26/2021012604063464291.jpg","foodname":"燕麦拿铁","medium_cup_original":"29.00","foodprice":"25.5"}],"msg":"OK"}
2022-02-23 13:33:46.711  INFO 13568 --- [http-nio-8800-exec-10] com.controller.SuccessQueryPMock         : {}
2022-02-23 13:33:46.711  INFO 13568 --- [http-nio-8800-exec-10] com.controller.SuccessQueryPMock         : {"code":"0","data":[{"foodid":"27","foodimg":"https://www.sumzc.com/uploads/2021-01-26/2021012604063464291.jpg","foodname":"燕麦拿铁","medium_cup_original":"29.00","foodprice":"25.5"}],"msg":"OK"}
2022-02-23 13:33:46.721  INFO 13568 --- [http-nio-8800-exec-2] com.controller.SuccessQueryPMock         : {}
2022-02-23 13:33:46.721  INFO 13568 --- [http-nio-8800-exec-2] com.controller.SuccessQueryPMock         : {"code":"0","data":[{"foodid":"27","foodimg":"https://www.sumzc.com/uploads/2021-01-26/2021012604063464291.jpg","foodname":"燕麦拿铁","medium_cup_original":"29.00","foodprice":"25.5"}],"msg":"OK"}
2022-02-23 13:37:11.489  INFO 13568 --- [http-nio-8800-exec-4] com.controller.SuccessQueryPMock         : {}
2022-02-23 13:37:11.489  INFO 13568 --- [http-nio-8800-exec-4] com.controller.SuccessQueryPMock         : {"code":"0","data":[{"foodid":"27","foodimg":"https://www.sumzc.com/uploads/2021-01-26/2021012604063464291.jpg","foodname":"燕麦拿铁","medium_cup_original":"29.00","foodprice":"25.5"}],"msg":"OK"}
2022-02-23 13:40:54.842  INFO 13568 --- [http-nio-8800-exec-6] com.controller.SuccessQueryPMock         : {}
2022-02-23 13:40:54.843  INFO 13568 --- [http-nio-8800-exec-6] com.controller.SuccessQueryPMock         : {"code":"0","data":[{"foodid":"27","foodimg":"https://www.sumzc.com/uploads/2021-01-26/2021012604063464291.jpg","foodname":"燕麦拿铁","medium_cup_original":"29.00","foodprice":"25.5"}],"msg":"OK"}
2022-02-23 13:40:54.870  INFO 13568 --- [http-nio-8800-exec-8] com.controller.SuccesssOrderMock         : {addtime=1645595025, openid=123, order_info=[{"foodname":"燕麦拿铁","num":"2","id":"27"}], order_no=202202221559, phone=12000000021, uidkey=Ej9EMuYb, secret=d04e75f9dc15997de0cc9ec2323486bd}
2022-02-23 13:40:54.871  INFO 13568 --- [http-nio-8800-exec-8] com.controller.SuccesssOrderMock         : {"code":"0","msg":"OK"}
2022-02-23 13:40:54.888  INFO 13568 --- [http-nio-8800-exec-10] com.controller.SuccessQueryMock          : {"code":"0","data":{"order":[{"order_no":"202202221557","orderid":"111119","foodimg":"https://www.laoluo100.com/gLD_management/./upload/2021-01-26/2021012604063464291.jpg","phone":"12000000021","openid":"123","foodid":"27","finish_order_time":"1632643897","proname":"燕麦拿铁","order_time":"1632643897","state":"0"},{"order_no":"202202221557","orderid":"111120","foodimg":"https://www.laoluo100.com/gLD_management/./upload/2021-01-26/2021012604063464292.jpg","phone":"12000000021","openid":"123","foodid":"27","finish_order_time":"1632643897","proname":"燕麦拿铁","order_time":"1632643897","state":"0"}],"total":2},"msg":"OK"}
2022-02-23 13:40:54.898  INFO 13568 --- [http-nio-8800-exec-2] com.controller.SuccessQueryPMock         : {}
2022-02-23 13:40:54.898  INFO 13568 --- [http-nio-8800-exec-2] com.controller.SuccessQueryPMock         : {"code":"0","data":[{"foodid":"27","foodimg":"https://www.sumzc.com/uploads/2021-01-26/2021012604063464291.jpg","foodname":"燕麦拿铁","medium_cup_original":"29.00","foodprice":"25.5"}],"msg":"OK"}
2022-02-23 13:40:54.911  INFO 13568 --- [http-nio-8800-exec-4] com.controller.SuccessQueryPMock         : {}
2022-02-23 13:40:54.911  INFO 13568 --- [http-nio-8800-exec-4] com.controller.SuccessQueryPMock         : {"code":"0","data":[{"foodid":"27","foodimg":"https://www.sumzc.com/uploads/2021-01-26/2021012604063464291.jpg","foodname":"燕麦拿铁","medium_cup_original":"29.00","foodprice":"25.5"}],"msg":"OK"}
2022-02-23 13:40:54.927  INFO 13568 --- [http-nio-8800-exec-6] com.controller.SuccessQueryPMock         : {}
2022-02-23 13:40:54.927  INFO 13568 --- [http-nio-8800-exec-6] com.controller.SuccessQueryPMock         : {"code":"0","data":[{"foodid":"27","foodimg":"https://www.sumzc.com/uploads/2021-01-26/2021012604063464291.jpg","foodname":"燕麦拿铁","medium_cup_original":"29.00","foodprice":"25.5"}],"msg":"OK"}
2022-02-23 13:40:54.939  INFO 13568 --- [http-nio-8800-exec-8] com.controller.SuccessQueryPMock         : {}
2022-02-23 13:40:54.940  INFO 13568 --- [http-nio-8800-exec-8] com.controller.SuccessQueryPMock         : {"code":"0","data":[{"foodid":"27","foodimg":"https://www.sumzc.com/uploads/2021-01-26/2021012604063464291.jpg","foodname":"燕麦拿铁","medium_cup_original":"29.00","foodprice":"25.5"}],"msg":"OK"}
2022-02-23 13:42:32.881  INFO 17800 --- [main] com.DemoApplication                      : Starting DemoApplication using Java 1.8.0_241 on HDB-20190422TYC with PID 17800 (D:\demomock\target\classes started by Administrator in D:\demomock)
2022-02-23 13:42:32.885  INFO 17800 --- [main] com.DemoApplication                      : No active profile set, falling back to default profiles: default
2022-02-23 13:42:35.303  INFO 17800 --- [main] o.s.b.w.embedded.tomcat.TomcatWebServer  : Tomcat initialized with port(s): 8800 (http)
2022-02-23 13:42:35.314  INFO 17800 --- [main] o.apache.catalina.core.StandardService   : Starting service [Tomcat]
2022-02-23 13:42:35.314  INFO 17800 --- [main] org.apache.catalina.core.StandardEngine  : Starting Servlet engine: [Apache Tomcat/9.0.53]
2022-02-23 13:42:35.455  INFO 17800 --- [main] o.a.c.c.C.[Tomcat].[localhost].[/]       : Initializing Spring embedded WebApplicationContext
2022-02-23 13:42:35.455  INFO 17800 --- [main] w.s.c.ServletWebServerApplicationContext : Root WebApplicationContext: initialization completed in 2504 ms
2022-02-23 13:42:35.903  INFO 17800 --- [main] pertySourcedRequestMappingHandlerMapping : Mapped URL path [/v2/api-docs] onto method [springfox.documentation.swagger2.web.Swagger2Controller#getDocumentation(String, HttpServletRequest)]
2022-02-23 13:42:36.152  INFO 17800 --- [main] o.s.b.w.embedded.tomcat.TomcatWebServer  : Tomcat started on port(s): 8800 (http) with context path ''
2022-02-23 13:42:36.153  INFO 17800 --- [main] d.s.w.p.DocumentationPluginsBootstrapper : Context refreshed
2022-02-23 13:42:36.173  INFO 17800 --- [main] d.s.w.p.DocumentationPluginsBootstrapper : Found 1 custom documentation plugin(s)
2022-02-23 13:42:36.223  INFO 17800 --- [main] s.d.s.w.s.ApiListingReferenceScanner     : Scanning for api listing references
2022-02-23 13:42:36.503  INFO 17800 --- [main] .d.s.w.r.o.CachingOperationNameGenerator : Generating unique operation named: successOrderMockUsingPOST_1
2022-02-23 13:42:36.524  INFO 17800 --- [main] com.DemoApplication                      : Started DemoApplication in 4.509 seconds (JVM running for 6.386)
2022-02-23 13:42:52.713  INFO 17800 --- [http-nio-8800-exec-1] o.a.c.c.C.[Tomcat].[localhost].[/]       : Initializing Spring DispatcherServlet 'dispatcherServlet'
2022-02-23 13:42:52.713  INFO 17800 --- [http-nio-8800-exec-1] o.s.web.servlet.DispatcherServlet        : Initializing Servlet 'dispatcherServlet'
2022-02-23 13:42:52.714  INFO 17800 --- [http-nio-8800-exec-1] o.s.web.servlet.DispatcherServlet        : Completed initialization in 1 ms
2022-02-23 13:42:52.736  INFO 17800 --- [http-nio-8800-exec-1] com.controller.SuccessQueryPMock         : {}
2022-02-23 13:42:52.737  INFO 17800 --- [http-nio-8800-exec-1] com.controller.SuccessQueryPMock         : {"code":"0","data":[{"foodid":"27","foodimg":"https://www.sumzc.com/uploads/2021-01-26/2021012604063464291.jpg","foodname":"燕麦拿铁","medium_cup_original":"29.00","foodprice":"25.5"}],"msg":"OK"}
2022-02-23 13:42:52.833  INFO 17800 --- [http-nio-8800-exec-2] com.controller.SuccesssOrderMock         : {addtime=1645595143, openid=123, order_info=[{"foodname":"燕麦拿铁","num":"2","id":"27"}], order_no=202202221560, phone=12000000021, uidkey=Ej9EMuYb, secret=79e002af4b8d3c50e6f439cfd077b5ed}
2022-02-23 13:42:52.834  INFO 17800 --- [http-nio-8800-exec-2] com.controller.SuccesssOrderMock         : {"code":"0","msg":"OK"}
2022-02-23 13:42:52.848  INFO 17800 --- [http-nio-8800-exec-4] com.controller.SuccessQueryMock          : {"code":"0","data":{"order":[{"order_no":"202202221560","orderid":"111121","foodimg":"https://www.laoluo100.com/gLD_management/./upload/2021-01-26/2021012604063464291.jpg","phone":"12000000021","openid":"123","foodid":"27","finish_order_time":"1632643897","proname":"燕麦拿铁","order_time":"1632643897","state":"0"},{"order_no":"202202221560","orderid":"111122","foodimg":"https://www.laoluo100.com/gLD_management/./upload/2021-01-26/2021012604063464292.jpg","phone":"12000000021","openid":"123","foodid":"27","finish_order_time":"1632643897","proname":"燕麦拿铁","order_time":"1632643897","state":"0"}],"total":2},"msg":"OK"}
2022-02-23 13:42:52.857  INFO 17800 --- [http-nio-8800-exec-6] com.controller.SuccessQueryPMock         : {}
2022-02-23 13:42:52.857  INFO 17800 --- [http-nio-8800-exec-6] com.controller.SuccessQueryPMock         : {"code":"0","data":[{"foodid":"27","foodimg":"https://www.sumzc.com/uploads/2021-01-26/2021012604063464291.jpg","foodname":"燕麦拿铁","medium_cup_original":"29.00","foodprice":"25.5"}],"msg":"OK"}
2022-02-23 13:42:52.867  INFO 17800 --- [http-nio-8800-exec-8] com.controller.SuccessQueryPMock         : {}
2022-02-23 13:42:52.868  INFO 17800 --- [http-nio-8800-exec-8] com.controller.SuccessQueryPMock         : {"code":"0","data":[{"foodid":"27","foodimg":"https://www.sumzc.com/uploads/2021-01-26/2021012604063464291.jpg","foodname":"燕麦拿铁","medium_cup_original":"29.00","foodprice":"25.5"}],"msg":"OK"}
2022-02-23 13:42:52.882  INFO 17800 --- [http-nio-8800-exec-10] com.controller.SuccessQueryPMock         : {}
2022-02-23 13:42:52.883  INFO 17800 --- [http-nio-8800-exec-10] com.controller.SuccessQueryPMock         : {"code":"0","data":[{"foodid":"27","foodimg":"https://www.sumzc.com/uploads/2021-01-26/2021012604063464291.jpg","foodname":"燕麦拿铁","medium_cup_original":"29.00","foodprice":"25.5"}],"msg":"OK"}
2022-02-23 13:42:52.894  INFO 17800 --- [http-nio-8800-exec-2] com.controller.SuccessQueryPMock         : {}
2022-02-23 13:42:52.894  INFO 17800 --- [http-nio-8800-exec-2] com.controller.SuccessQueryPMock         : {"code":"0","data":[{"foodid":"27","foodimg":"https://www.sumzc.com/uploads/2021-01-26/2021012604063464291.jpg","foodname":"燕麦拿铁","medium_cup_original":"29.00","foodprice":"25.5"}],"msg":"OK"}
2022-02-23 13:44:32.469  INFO 14416 --- [main] com.DemoApplication                      : Starting DemoApplication using Java 1.8.0_241 on HDB-20190422TYC with PID 14416 (D:\demomock\target\classes started by Administrator in D:\demomock)
2022-02-23 13:44:32.472  INFO 14416 --- [main] com.DemoApplication                      : No active profile set, falling back to default profiles: default
2022-02-23 13:44:34.842  INFO 14416 --- [main] o.s.b.w.embedded.tomcat.TomcatWebServer  : Tomcat initialized with port(s): 8800 (http)
2022-02-23 13:44:34.851  INFO 14416 --- [main] o.apache.catalina.core.StandardService   : Starting service [Tomcat]
2022-02-23 13:44:34.852  INFO 14416 --- [main] org.apache.catalina.core.StandardEngine  : Starting Servlet engine: [Apache Tomcat/9.0.53]
2022-02-23 13:44:34.973  INFO 14416 --- [main] o.a.c.c.C.[Tomcat].[localhost].[/]       : Initializing Spring embedded WebApplicationContext
2022-02-23 13:44:34.974  INFO 14416 --- [main] w.s.c.ServletWebServerApplicationContext : Root WebApplicationContext: initialization completed in 2435 ms
2022-02-23 13:44:35.374  INFO 14416 --- [main] pertySourcedRequestMappingHandlerMapping : Mapped URL path [/v2/api-docs] onto method [springfox.documentation.swagger2.web.Swagger2Controller#getDocumentation(String, HttpServletRequest)]
2022-02-23 13:44:35.612  INFO 14416 --- [main] o.s.b.w.embedded.tomcat.TomcatWebServer  : Tomcat started on port(s): 8800 (http) with context path ''
2022-02-23 13:44:35.613  INFO 14416 --- [main] d.s.w.p.DocumentationPluginsBootstrapper : Context refreshed
2022-02-23 13:44:35.628  INFO 14416 --- [main] d.s.w.p.DocumentationPluginsBootstrapper : Found 1 custom documentation plugin(s)
2022-02-23 13:44:35.674  INFO 14416 --- [main] s.d.s.w.s.ApiListingReferenceScanner     : Scanning for api listing references
2022-02-23 13:44:35.876  INFO 14416 --- [main] .d.s.w.r.o.CachingOperationNameGenerator : Generating unique operation named: successOrderMockUsingPOST_1
2022-02-23 13:44:35.899  INFO 14416 --- [main] com.DemoApplication                      : Started DemoApplication in 4.82 seconds (JVM running for 6.261)
2022-02-23 13:44:52.491  INFO 14416 --- [http-nio-8800-exec-1] o.a.c.c.C.[Tomcat].[localhost].[/]       : Initializing Spring DispatcherServlet 'dispatcherServlet'
2022-02-23 13:44:52.491  INFO 14416 --- [http-nio-8800-exec-1] o.s.web.servlet.DispatcherServlet        : Initializing Servlet 'dispatcherServlet'
2022-02-23 13:44:52.493  INFO 14416 --- [http-nio-8800-exec-1] o.s.web.servlet.DispatcherServlet        : Completed initialization in 1 ms
2022-02-23 13:44:52.513  INFO 14416 --- [http-nio-8800-exec-1] com.controller.SuccessQueryPMock         : {}
2022-02-23 13:44:52.513  INFO 14416 --- [http-nio-8800-exec-1] com.controller.SuccessQueryPMock         : {"code":"0","data":[{"foodid":"27","foodimg":"https://www.sumzc.com/uploads/2021-01-26/2021012604063464291.jpg","foodname":"燕麦拿铁","medium_cup_original":"29.00","foodprice":"25.5"}],"msg":"OK"}
2022-02-23 13:44:52.616  INFO 14416 --- [http-nio-8800-exec-2] com.controller.SuccesssOrderMock         : {addtime=1645595263, openid=123, order_info=[{"foodname":"燕麦拿铁","num":"2","id":"27"}], order_no=202202221561, phone=12000000021, uidkey=Ej9EMuYb, secret=39c754bc11ed53167089434ef4c69f0c}
2022-02-23 13:44:52.617  INFO 14416 --- [http-nio-8800-exec-2] com.controller.SuccesssOrderMock         : {"code":"0","msg":"OK"}
2022-02-23 13:44:52.634  INFO 14416 --- [http-nio-8800-exec-4] com.controller.SuccessQueryMock          : {"code":"0","data":{"order":[{"order_no":"202202221560","orderid":"111121","foodimg":"https://www.laoluo100.com/gLD_management/./upload/2021-01-26/2021012604063464291.jpg","phone":"12000000021","openid":"123","foodid":"32","finish_order_time":"1632643897","proname":"燕麦拿铁","order_time":"1632643897","state":"0"},{"order_no":"202202221561","orderid":"111122","foodimg":"https://www.laoluo100.com/gLD_management/./upload/2021-01-26/2021012604063464292.jpg","phone":"12000000021","openid":"123","foodid":"32","finish_order_time":"1632643897","proname":"燕麦拿铁","order_time":"1632643897","state":"0"}],"total":2},"msg":"OK"}
2022-02-23 13:44:52.643  INFO 14416 --- [http-nio-8800-exec-6] com.controller.SuccessQueryPMock         : {}
2022-02-23 13:44:52.644  INFO 14416 --- [http-nio-8800-exec-6] com.controller.SuccessQueryPMock         : {"code":"0","data":[{"foodid":"27","foodimg":"https://www.sumzc.com/uploads/2021-01-26/2021012604063464291.jpg","foodname":"燕麦拿铁","medium_cup_original":"29.00","foodprice":"25.5"}],"msg":"OK"}
2022-02-23 13:47:32.391  INFO 14416 --- [http-nio-8800-exec-8] com.controller.SuccessQueryMock          : {"code":"0","data":{"order":[{"order_no":"202202221560","orderid":"111121","foodimg":"https://www.laoluo100.com/gLD_management/./upload/2021-01-26/2021012604063464291.jpg","phone":"12000000021","openid":"123","foodid":"32","finish_order_time":"1632643897","proname":"燕麦拿铁","order_time":"1632643897","state":"0"},{"order_no":"202202221561","orderid":"111122","foodimg":"https://www.laoluo100.com/gLD_management/./upload/2021-01-26/2021012604063464292.jpg","phone":"12000000021","openid":"123","foodid":"32","finish_order_time":"1632643897","proname":"燕麦拿铁","order_time":"1632643897","state":"0"}],"total":2},"msg":"OK"}
2022-02-23 13:47:32.404  INFO 14416 --- [http-nio-8800-exec-10] com.controller.SuccessQueryPMock         : {}
2022-02-23 13:47:32.404  INFO 14416 --- [http-nio-8800-exec-10] com.controller.SuccessQueryPMock         : {"code":"0","data":[{"foodid":"27","foodimg":"https://www.sumzc.com/uploads/2021-01-26/2021012604063464291.jpg","foodname":"燕麦拿铁","medium_cup_original":"29.00","foodprice":"25.5"}],"msg":"OK"}
2022-02-23 13:53:01.091  INFO 14416 --- [http-nio-8800-exec-2] com.controller.SuccessQueryPMock         : {}
2022-02-23 13:53:01.092  INFO 14416 --- [http-nio-8800-exec-2] com.controller.SuccessQueryPMock         : {"code":"0","data":[{"foodid":"27","foodimg":"https://www.sumzc.com/uploads/2021-01-26/2021012604063464291.jpg","foodname":"燕麦拿铁","medium_cup_original":"29.00","foodprice":"25.5"}],"msg":"OK"}
2022-02-23 14:02:31.001  INFO 12772 --- [main] com.DemoApplication                      : Starting DemoApplication using Java 1.8.0_241 on HDB-20190422TYC with PID 12772 (D:\demomock\target\classes started by Administrator in D:\demomock)
2022-02-23 14:02:31.016  INFO 12772 --- [main] com.DemoApplication                      : No active profile set, falling back to default profiles: default
2022-02-23 14:02:35.079  INFO 12772 --- [main] o.s.b.w.embedded.tomcat.TomcatWebServer  : Tomcat initialized with port(s): 8800 (http)
2022-02-23 14:02:35.091  INFO 12772 --- [main] o.apache.catalina.core.StandardService   : Starting service [Tomcat]
2022-02-23 14:02:35.091  INFO 12772 --- [main] org.apache.catalina.core.StandardEngine  : Starting Servlet engine: [Apache Tomcat/9.0.53]
2022-02-23 14:02:35.243  INFO 12772 --- [main] o.a.c.c.C.[Tomcat].[localhost].[/]       : Initializing Spring embedded WebApplicationContext
2022-02-23 14:02:35.243  INFO 12772 --- [main] w.s.c.ServletWebServerApplicationContext : Root WebApplicationContext: initialization completed in 4163 ms
2022-02-23 14:02:35.695  INFO 12772 --- [main] pertySourcedRequestMappingHandlerMapping : Mapped URL path [/v2/api-docs] onto method [springfox.documentation.swagger2.web.Swagger2Controller#getDocumentation(String, HttpServletRequest)]
2022-02-23 14:02:35.973  INFO 12772 --- [main] o.s.b.w.embedded.tomcat.TomcatWebServer  : Tomcat started on port(s): 8800 (http) with context path ''
2022-02-23 14:02:35.975  INFO 12772 --- [main] d.s.w.p.DocumentationPluginsBootstrapper : Context refreshed
2022-02-23 14:02:35.995  INFO 12772 --- [main] d.s.w.p.DocumentationPluginsBootstrapper : Found 1 custom documentation plugin(s)
2022-02-23 14:02:36.042  INFO 12772 --- [main] s.d.s.w.s.ApiListingReferenceScanner     : Scanning for api listing references
2022-02-23 14:02:36.260  INFO 12772 --- [main] .d.s.w.r.o.CachingOperationNameGenerator : Generating unique operation named: successOrderMockUsingPOST_1
2022-02-23 14:02:36.279  INFO 12772 --- [main] com.DemoApplication                      : Started DemoApplication in 6.122 seconds (JVM running for 7.535)
2022-02-23 14:03:20.264  INFO 10036 --- [main] com.DemoApplication                      : Starting DemoApplication using Java 1.8.0_241 on HDB-20190422TYC with PID 10036 (D:\demomock\target\classes started by Administrator in D:\demomock)
2022-02-23 14:03:20.268  INFO 10036 --- [main] com.DemoApplication                      : No active profile set, falling back to default profiles: default
2022-02-23 14:03:23.270  INFO 10036 --- [main] o.s.b.w.embedded.tomcat.TomcatWebServer  : Tomcat initialized with port(s): 8800 (http)
2022-02-23 14:03:23.284  INFO 10036 --- [main] o.apache.catalina.core.StandardService   : Starting service [Tomcat]
2022-02-23 14:03:23.284  INFO 10036 --- [main] org.apache.catalina.core.StandardEngine  : Starting Servlet engine: [Apache Tomcat/9.0.53]
2022-02-23 14:03:23.441  INFO 10036 --- [main] o.a.c.c.C.[Tomcat].[localhost].[/]       : Initializing Spring embedded WebApplicationContext
2022-02-23 14:03:23.442  INFO 10036 --- [main] w.s.c.ServletWebServerApplicationContext : Root WebApplicationContext: initialization completed in 3077 ms
2022-02-23 14:03:23.904  INFO 10036 --- [main] pertySourcedRequestMappingHandlerMapping : Mapped URL path [/v2/api-docs] onto method [springfox.documentation.swagger2.web.Swagger2Controller#getDocumentation(String, HttpServletRequest)]
2022-02-23 14:03:24.157  INFO 10036 --- [main] o.s.b.w.embedded.tomcat.TomcatWebServer  : Tomcat started on port(s): 8800 (http) with context path ''
2022-02-23 14:03:24.158  INFO 10036 --- [main] d.s.w.p.DocumentationPluginsBootstrapper : Context refreshed
2022-02-23 14:03:24.174  INFO 10036 --- [main] d.s.w.p.DocumentationPluginsBootstrapper : Found 1 custom documentation plugin(s)
2022-02-23 14:03:24.211  INFO 10036 --- [main] s.d.s.w.s.ApiListingReferenceScanner     : Scanning for api listing references
2022-02-23 14:03:24.417  INFO 10036 --- [main] .d.s.w.r.o.CachingOperationNameGenerator : Generating unique operation named: successOrderMockUsingPOST_1
2022-02-23 14:03:24.438  INFO 10036 --- [main] com.DemoApplication                      : Started DemoApplication in 4.999 seconds (JVM running for 6.818)
2022-02-23 14:03:40.329  INFO 10036 --- [http-nio-8800-exec-1] o.a.c.c.C.[Tomcat].[localhost].[/]       : Initializing Spring DispatcherServlet 'dispatcherServlet'
2022-02-23 14:03:40.330  INFO 10036 --- [http-nio-8800-exec-1] o.s.web.servlet.DispatcherServlet        : Initializing Servlet 'dispatcherServlet'
2022-02-23 14:03:40.331  INFO 10036 --- [http-nio-8800-exec-1] o.s.web.servlet.DispatcherServlet        : Completed initialization in 1 ms
2022-02-23 14:03:40.351  INFO 10036 --- [http-nio-8800-exec-1] com.controller.SuccessQueryPMock         : {}
2022-02-23 14:03:40.352  INFO 10036 --- [http-nio-8800-exec-1] com.controller.SuccessQueryPMock         : {"code":"0","data":[{"foodid":"27","foodimg":"https://www.sumzc.com/uploads/2021-01-26/2021012604063464291.jpg","foodname":"燕麦拿铁","medium_cup_original":"29.00","foodprice":"25.5"}],"msg":"OK"}
2022-02-23 14:03:40.446  INFO 10036 --- [http-nio-8800-exec-2] com.controller.SuccesssOrderMock         : {addtime=1645596390, openid=123, order_info=[{"foodname":"燕麦拿铁","num":"2","id":"27"}], order_no=202202221563, phone=12000000021, uidkey=Ej9EMuYb, secret=70cb0fc28059ab40883292e02b0983e5}
2022-02-23 14:03:40.446  INFO 10036 --- [http-nio-8800-exec-2] com.controller.SuccesssOrderMock         : {"code":"0","msg":"OK"}
2022-02-23 14:03:40.461  INFO 10036 --- [http-nio-8800-exec-4] com.controller.SuccessQueryMock          : {"code":"100","data":{"order":[{"order_no":"202202221563","orderid":"111123","foodimg":"https://www.laoluo100.com/gLD_management/./upload/2021-01-26/2021012604063464291.jpg","phone":"12000000021","openid":"123","foodid":"27","finish_order_time":"1632643897","proname":"燕麦拿铁","order_time":"1632643897","state":"0"},{"order_no":"202202221563","orderid":"111124","foodimg":"https://www.laoluo100.com/gLD_management/./upload/2021-01-26/2021012604063464292.jpg","phone":"12000000021","openid":"123","foodid":"27","finish_order_time":"1632643897","proname":"燕麦拿铁","order_time":"1632643897","state":"0"}],"total":2},"msg":"OK"}
2022-02-23 14:03:40.471  INFO 10036 --- [http-nio-8800-exec-6] com.controller.SuccessQueryPMock         : {}
2022-02-23 14:03:40.471  INFO 10036 --- [http-nio-8800-exec-6] com.controller.SuccessQueryPMock         : {"code":"0","data":[{"foodid":"27","foodimg":"https://www.sumzc.com/uploads/2021-01-26/2021012604063464291.jpg","foodname":"燕麦拿铁","medium_cup_original":"29.00","foodprice":"25.5"}],"msg":"OK"}
2022-02-23 14:03:40.481  INFO 10036 --- [http-nio-8800-exec-8] com.controller.SuccessQueryPMock         : {}
2022-02-23 14:03:40.481  INFO 10036 --- [http-nio-8800-exec-8] com.controller.SuccessQueryPMock         : {"code":"0","data":[{"foodid":"27","foodimg":"https://www.sumzc.com/uploads/2021-01-26/2021012604063464291.jpg","foodname":"燕麦拿铁","medium_cup_original":"29.00","foodprice":"25.5"}],"msg":"OK"}
2022-02-23 14:03:40.496  INFO 10036 --- [http-nio-8800-exec-10] com.controller.SuccessQueryPMock         : {}
2022-02-23 14:03:40.497  INFO 10036 --- [http-nio-8800-exec-10] com.controller.SuccessQueryPMock         : {"code":"0","data":[{"foodid":"27","foodimg":"https://www.sumzc.com/uploads/2021-01-26/2021012604063464291.jpg","foodname":"燕麦拿铁","medium_cup_original":"29.00","foodprice":"25.5"}],"msg":"OK"}
2022-02-23 14:03:40.507  INFO 10036 --- [http-nio-8800-exec-2] com.controller.SuccessQueryPMock         : {}
2022-02-23 14:03:40.507  INFO 10036 --- [http-nio-8800-exec-2] com.controller.SuccessQueryPMock         : {"code":"0","data":[{"foodid":"27","foodimg":"https://www.sumzc.com/uploads/2021-01-26/2021012604063464291.jpg","foodname":"燕麦拿铁","medium_cup_original":"29.00","foodprice":"25.5"}],"msg":"OK"}
2022-02-23 14:04:28.399  INFO 17896 --- [main] com.DemoApplication                      : Starting DemoApplication using Java 1.8.0_241 on HDB-20190422TYC with PID 17896 (D:\demomock\target\classes started by Administrator in D:\demomock)
2022-02-23 14:04:28.404  INFO 17896 --- [main] com.DemoApplication                      : No active profile set, falling back to default profiles: default
2022-02-23 14:04:31.336  INFO 17896 --- [main] o.s.b.w.embedded.tomcat.TomcatWebServer  : Tomcat initialized with port(s): 8800 (http)
2022-02-23 14:04:31.348  INFO 17896 --- [main] o.apache.catalina.core.StandardService   : Starting service [Tomcat]
2022-02-23 14:04:31.349  INFO 17896 --- [main] org.apache.catalina.core.StandardEngine  : Starting Servlet engine: [Apache Tomcat/9.0.53]
2022-02-23 14:04:31.510  INFO 17896 --- [main] o.a.c.c.C.[Tomcat].[localhost].[/]       : Initializing Spring embedded WebApplicationContext
2022-02-23 14:04:31.510  INFO 17896 --- [main] w.s.c.ServletWebServerApplicationContext : Root WebApplicationContext: initialization completed in 3026 ms
2022-02-23 14:04:31.950  INFO 17896 --- [main] pertySourcedRequestMappingHandlerMapping : Mapped URL path [/v2/api-docs] onto method [springfox.documentation.swagger2.web.Swagger2Controller#getDocumentation(String, HttpServletRequest)]
2022-02-23 14:04:32.618  INFO 17896 --- [main] o.s.b.w.embedded.tomcat.TomcatWebServer  : Tomcat started on port(s): 8800 (http) with context path ''
2022-02-23 14:04:32.620  INFO 17896 --- [main] d.s.w.p.DocumentationPluginsBootstrapper : Context refreshed
2022-02-23 14:04:32.644  INFO 17896 --- [main] d.s.w.p.DocumentationPluginsBootstrapper : Found 1 custom documentation plugin(s)
2022-02-23 14:04:32.705  INFO 17896 --- [main] s.d.s.w.s.ApiListingReferenceScanner     : Scanning for api listing references
2022-02-23 14:04:32.984  INFO 17896 --- [main] .d.s.w.r.o.CachingOperationNameGenerator : Generating unique operation named: successOrderMockUsingPOST_1
2022-02-23 14:04:33.013  INFO 17896 --- [main] com.DemoApplication                      : Started DemoApplication in 5.896 seconds (JVM running for 7.546)
2022-02-23 14:04:54.798  INFO 17896 --- [http-nio-8800-exec-1] o.a.c.c.C.[Tomcat].[localhost].[/]       : Initializing Spring DispatcherServlet 'dispatcherServlet'
2022-02-23 14:04:54.799  INFO 17896 --- [http-nio-8800-exec-1] o.s.web.servlet.DispatcherServlet        : Initializing Servlet 'dispatcherServlet'
2022-02-23 14:04:54.800  INFO 17896 --- [http-nio-8800-exec-1] o.s.web.servlet.DispatcherServlet        : Completed initialization in 1 ms
2022-02-23 14:04:54.822  INFO 17896 --- [http-nio-8800-exec-1] com.controller.SuccessQueryPMock         : {}
2022-02-23 14:04:54.823  INFO 17896 --- [http-nio-8800-exec-1] com.controller.SuccessQueryPMock         : {"code":"0","data":[{"foodid":"27","foodimg":"https://www.sumzc.com/uploads/2021-01-26/2021012604063464291.jpg","foodname":"燕麦拿铁","medium_cup_original":"29.00","foodprice":"25.5"}],"msg":"OK"}
2022-02-23 14:04:54.918  INFO 17896 --- [http-nio-8800-exec-2] com.controller.SuccesssOrderMock         : {addtime=1645596465, openid=123, order_info=[{"foodname":"燕麦拿铁","num":"2","id":"27"}], order_no=202202221564, phone=12000000021, uidkey=Ej9EMuYb, secret=e0caf893b842771bb0b2b988d507d005}
2022-02-23 14:04:54.918  INFO 17896 --- [http-nio-8800-exec-2] com.controller.SuccesssOrderMock         : {"code":"0","msg":"OK"}
2022-02-23 14:04:54.933  INFO 17896 --- [http-nio-8800-exec-4] com.controller.SuccessQueryMock          : {"code":"100","data":{"order":[{"order_no":"202202221564","orderid":"111125","foodimg":"https://www.laoluo100.com/gLD_management/./upload/2021-01-26/2021012604063464291.jpg","phone":"12000000021","openid":"123","foodid":"27","finish_order_time":"1632643897","proname":"燕麦拿铁","order_time":"1632643897","state":"0"},{"order_no":"202202221564","orderid":"111126","foodimg":"https://www.laoluo100.com/gLD_management/./upload/2021-01-26/2021012604063464292.jpg","phone":"12000000021","openid":"123","foodid":"27","finish_order_time":"1632643897","proname":"燕麦拿铁","order_time":"1632643897","state":"0"}],"total":2},"msg":"OK"}
2022-02-23 14:04:54.944  INFO 17896 --- [http-nio-8800-exec-6] com.controller.SuccessQueryPMock         : {}
2022-02-23 14:04:54.945  INFO 17896 --- [http-nio-8800-exec-6] com.controller.SuccessQueryPMock         : {"code":"0","data":[{"foodid":"27","foodimg":"https://www.sumzc.com/uploads/2021-01-26/2021012604063464291.jpg","foodname":"燕麦拿铁","medium_cup_original":"29.00","foodprice":"25.5"}],"msg":"OK"}
2022-02-23 14:04:54.957  INFO 17896 --- [http-nio-8800-exec-8] com.controller.SuccessQueryPMock         : {}
2022-02-23 14:04:54.958  INFO 17896 --- [http-nio-8800-exec-8] com.controller.SuccessQueryPMock         : {"code":"0","data":[{"foodid":"27","foodimg":"https://www.sumzc.com/uploads/2021-01-26/2021012604063464291.jpg","foodname":"燕麦拿铁","medium_cup_original":"29.00","foodprice":"25.5"}],"msg":"OK"}
2022-02-23 14:04:54.974  INFO 17896 --- [http-nio-8800-exec-10] com.controller.SuccessQueryPMock         : {}
2022-02-23 14:04:54.974  INFO 17896 --- [http-nio-8800-exec-10] com.controller.SuccessQueryPMock         : {"code":"0","data":[{"foodid":"27","foodimg":"https://www.sumzc.com/uploads/2021-01-26/2021012604063464291.jpg","foodname":"燕麦拿铁","medium_cup_original":"29.00","foodprice":"25.5"}],"msg":"OK"}
2022-02-23 14:04:54.985  INFO 17896 --- [http-nio-8800-exec-2] com.controller.SuccessQueryPMock         : {}
2022-02-23 14:04:54.985  INFO 17896 --- [http-nio-8800-exec-2] com.controller.SuccessQueryPMock         : {"code":"0","data":[{"foodid":"27","foodimg":"https://www.sumzc.com/uploads/2021-01-26/2021012604063464291.jpg","foodname":"燕麦拿铁","medium_cup_original":"29.00","foodprice":"25.5"}],"msg":"OK"}
2022-02-23 14:33:37.755  INFO 17896 --- [http-nio-8800-exec-4] com.controller.SuccessQueryPMock         : {}
2022-02-23 14:33:37.756  INFO 17896 --- [http-nio-8800-exec-4] com.controller.SuccessQueryPMock         : {"code":"0","data":[{"foodid":"27","foodimg":"https://www.sumzc.com/uploads/2021-01-26/2021012604063464291.jpg","foodname":"燕麦拿铁","medium_cup_original":"29.00","foodprice":"25.5"}],"msg":"OK"}
2022-02-23 14:35:20.890  INFO 17984 --- [main] com.DemoApplication                      : Starting DemoApplication using Java 1.8.0_241 on HDB-20190422TYC with PID 17984 (D:\demomock\target\classes started by Administrator in D:\demomock)
2022-02-23 14:35:20.894  INFO 17984 --- [main] com.DemoApplication                      : No active profile set, falling back to default profiles: default
2022-02-23 14:35:23.719  INFO 17984 --- [main] o.s.b.w.embedded.tomcat.TomcatWebServer  : Tomcat initialized with port(s): 8800 (http)
2022-02-23 14:35:23.730  INFO 17984 --- [main] o.apache.catalina.core.StandardService   : Starting service [Tomcat]
2022-02-23 14:35:23.730  INFO 17984 --- [main] org.apache.catalina.core.StandardEngine  : Starting Servlet engine: [Apache Tomcat/9.0.53]
2022-02-23 14:35:23.864  INFO 17984 --- [main] o.a.c.c.C.[Tomcat].[localhost].[/]       : Initializing Spring embedded WebApplicationContext
2022-02-23 14:35:23.864  INFO 17984 --- [main] w.s.c.ServletWebServerApplicationContext : Root WebApplicationContext: initialization completed in 2903 ms
2022-02-23 14:35:24.310  INFO 17984 --- [main] pertySourcedRequestMappingHandlerMapping : Mapped URL path [/v2/api-docs] onto method [springfox.documentation.swagger2.web.Swagger2Controller#getDocumentation(String, HttpServletRequest)]
2022-02-23 14:35:24.539  INFO 17984 --- [main] o.s.b.w.embedded.tomcat.TomcatWebServer  : Tomcat started on port(s): 8800 (http) with context path ''
2022-02-23 14:35:24.541  INFO 17984 --- [main] d.s.w.p.DocumentationPluginsBootstrapper : Context refreshed
2022-02-23 14:35:24.555  INFO 17984 --- [main] d.s.w.p.DocumentationPluginsBootstrapper : Found 1 custom documentation plugin(s)
2022-02-23 14:35:24.589  INFO 17984 --- [main] s.d.s.w.s.ApiListingReferenceScanner     : Scanning for api listing references
2022-02-23 14:35:24.830  INFO 17984 --- [main] .d.s.w.r.o.CachingOperationNameGenerator : Generating unique operation named: successOrderMockUsingPOST_1
2022-02-23 14:35:24.852  INFO 17984 --- [main] com.DemoApplication                      : Started DemoApplication in 4.758 seconds (JVM running for 6.123)
2022-02-23 14:35:39.209  INFO 17984 --- [http-nio-8800-exec-1] o.a.c.c.C.[Tomcat].[localhost].[/]       : Initializing Spring DispatcherServlet 'dispatcherServlet'
2022-02-23 14:35:39.209  INFO 17984 --- [http-nio-8800-exec-1] o.s.web.servlet.DispatcherServlet        : Initializing Servlet 'dispatcherServlet'
2022-02-23 14:35:39.211  INFO 17984 --- [http-nio-8800-exec-1] o.s.web.servlet.DispatcherServlet        : Completed initialization in 1 ms
2022-02-23 14:35:39.237  INFO 17984 --- [http-nio-8800-exec-1] com.controller.SuccessQueryPMock         : {}
2022-02-23 14:35:39.237  INFO 17984 --- [http-nio-8800-exec-1] com.controller.SuccessQueryPMock         : {"code":"0","data":[{"foodid":"27","foodimg":"https://www.sumzc.com/uploads/2021-01-26/2021012604063464291.jpg","foodname":"燕麦拿铁","medium_cup_original":"29.00","foodprice":"25.5"}],"msg":"OK"}
2022-02-23 14:37:38.233  INFO 11772 --- [main] com.DemoApplication                      : Starting DemoApplication using Java 1.8.0_241 on HDB-20190422TYC with PID 11772 (D:\demomock\target\classes started by Administrator in D:\demomock)
2022-02-23 14:37:38.237  INFO 11772 --- [main] com.DemoApplication                      : No active profile set, falling back to default profiles: default
2022-02-23 14:37:41.457  INFO 11772 --- [main] o.s.b.w.embedded.tomcat.TomcatWebServer  : Tomcat initialized with port(s): 8800 (http)
2022-02-23 14:37:41.467  INFO 11772 --- [main] o.apache.catalina.core.StandardService   : Starting service [Tomcat]
2022-02-23 14:37:41.467  INFO 11772 --- [main] org.apache.catalina.core.StandardEngine  : Starting Servlet engine: [Apache Tomcat/9.0.53]
2022-02-23 14:37:41.604  INFO 11772 --- [main] o.a.c.c.C.[Tomcat].[localhost].[/]       : Initializing Spring embedded WebApplicationContext
2022-02-23 14:37:41.604  INFO 11772 --- [main] w.s.c.ServletWebServerApplicationContext : Root WebApplicationContext: initialization completed in 3287 ms
2022-02-23 14:37:42.039  INFO 11772 --- [main] pertySourcedRequestMappingHandlerMapping : Mapped URL path [/v2/api-docs] onto method [springfox.documentation.swagger2.web.Swagger2Controller#getDocumentation(String, HttpServletRequest)]
2022-02-23 14:37:42.342  INFO 11772 --- [main] o.s.b.w.embedded.tomcat.TomcatWebServer  : Tomcat started on port(s): 8800 (http) with context path ''
2022-02-23 14:37:42.343  INFO 11772 --- [main] d.s.w.p.DocumentationPluginsBootstrapper : Context refreshed
2022-02-23 14:37:42.361  INFO 11772 --- [main] d.s.w.p.DocumentationPluginsBootstrapper : Found 1 custom documentation plugin(s)
2022-02-23 14:37:42.411  INFO 11772 --- [main] s.d.s.w.s.ApiListingReferenceScanner     : Scanning for api listing references
2022-02-23 14:37:42.698  INFO 11772 --- [main] .d.s.w.r.o.CachingOperationNameGenerator : Generating unique operation named: successOrderMockUsingPOST_1
2022-02-23 14:37:42.722  INFO 11772 --- [main] com.DemoApplication                      : Started DemoApplication in 5.261 seconds (JVM running for 6.796)
2022-02-23 14:38:00.359  INFO 11772 --- [http-nio-8800-exec-1] o.a.c.c.C.[Tomcat].[localhost].[/]       : Initializing Spring DispatcherServlet 'dispatcherServlet'
2022-02-23 14:38:00.359  INFO 11772 --- [http-nio-8800-exec-1] o.s.web.servlet.DispatcherServlet        : Initializing Servlet 'dispatcherServlet'
2022-02-23 14:38:00.361  INFO 11772 --- [http-nio-8800-exec-1] o.s.web.servlet.DispatcherServlet        : Completed initialization in 1 ms
2022-02-23 14:38:00.383  INFO 11772 --- [http-nio-8800-exec-1] com.controller.SuccessQueryPMock         : {}
2022-02-23 14:38:00.384  INFO 11772 --- [http-nio-8800-exec-1] com.controller.SuccessQueryPMock         : {"code":"0","data":[{"foodid":"27","foodimg":"https://www.sumzc.com/uploads/2021-01-26/2021012604063464291.jpg","foodname":"燕麦拿铁","medium_cup_original":"29.00","foodprice":"25.5"}],"msg":"OK"}
2022-02-23 14:38:00.491  INFO 11772 --- [http-nio-8800-exec-2] com.controller.SuccesssOrderMock         : {addtime=1645598451, openid=123, order_info=[{"foodname":"燕麦拿铁","num":"2","id":"27"}], order_no=202202221567, phone=12000000021, uidkey=Ej9EMuYb, secret=54f57150a369c993cdb9d32ec856734c}
2022-02-23 14:38:00.491  INFO 11772 --- [http-nio-8800-exec-2] com.controller.SuccesssOrderMock         : {"code":"0","msg":"OK"}
2022-02-23 14:38:00.539  INFO 11772 --- [http-nio-8800-exec-4] com.controller.SuccessQueryMock          : {"code":"100","data":{"order":[{"order_no":"202202221567","orderid":"111129","foodimg":"https://www.laoluo100.com/gLD_management/./upload/2021-01-26/2021012604063464291.jpg","phone":"12000000021","openid":"123","foodid":"27","finish_order_time":"1632643897","proname":"燕麦拿铁","order_time":"1632643897","state":"0"},{"order_no":"202202221567","orderid":"111130","foodimg":"https://www.laoluo100.com/gLD_management/./upload/2021-01-26/2021012604063464292.jpg","phone":"12000000021","openid":"123","foodid":"27","finish_order_time":"1632643897","proname":"燕麦拿铁","order_time":"1632643897","state":"0"}],"total":2},"msg":"OK"}
2022-02-23 14:41:41.804  INFO 17112 --- [main] com.DemoApplication                      : Starting DemoApplication using Java 1.8.0_241 on HDB-20190422TYC with PID 17112 (D:\demomock\target\classes started by Administrator in D:\demomock)
2022-02-23 14:41:41.810  INFO 17112 --- [main] com.DemoApplication                      : No active profile set, falling back to default profiles: default
2022-02-23 14:41:44.670  INFO 17112 --- [main] o.s.b.w.embedded.tomcat.TomcatWebServer  : Tomcat initialized with port(s): 8800 (http)
2022-02-23 14:41:44.679  INFO 17112 --- [main] o.apache.catalina.core.StandardService   : Starting service [Tomcat]
2022-02-23 14:41:44.681  INFO 17112 --- [main] org.apache.catalina.core.StandardEngine  : Starting Servlet engine: [Apache Tomcat/9.0.53]
2022-02-23 14:41:44.803  INFO 17112 --- [main] o.a.c.c.C.[Tomcat].[localhost].[/]       : Initializing Spring embedded WebApplicationContext
2022-02-23 14:41:44.804  INFO 17112 --- [main] w.s.c.ServletWebServerApplicationContext : Root WebApplicationContext: initialization completed in 2914 ms
2022-02-23 14:41:45.231  INFO 17112 --- [main] pertySourcedRequestMappingHandlerMapping : Mapped URL path [/v2/api-docs] onto method [springfox.documentation.swagger2.web.Swagger2Controller#getDocumentation(String, HttpServletRequest)]
2022-02-23 14:41:45.475  INFO 17112 --- [main] o.s.b.w.embedded.tomcat.TomcatWebServer  : Tomcat started on port(s): 8800 (http) with context path ''
2022-02-23 14:41:45.476  INFO 17112 --- [main] d.s.w.p.DocumentationPluginsBootstrapper : Context refreshed
2022-02-23 14:41:45.495  INFO 17112 --- [main] d.s.w.p.DocumentationPluginsBootstrapper : Found 1 custom documentation plugin(s)
2022-02-23 14:41:45.530  INFO 17112 --- [main] s.d.s.w.s.ApiListingReferenceScanner     : Scanning for api listing references
2022-02-23 14:41:45.732  INFO 17112 --- [main] .d.s.w.r.o.CachingOperationNameGenerator : Generating unique operation named: successOrderMockUsingPOST_1
2022-02-23 14:41:45.752  INFO 17112 --- [main] com.DemoApplication                      : Started DemoApplication in 4.741 seconds (JVM running for 6.158)
2022-02-23 14:42:58.232  INFO 17112 --- [http-nio-8800-exec-1] o.a.c.c.C.[Tomcat].[localhost].[/]       : Initializing Spring DispatcherServlet 'dispatcherServlet'
2022-02-23 14:42:58.232  INFO 17112 --- [http-nio-8800-exec-1] o.s.web.servlet.DispatcherServlet        : Initializing Servlet 'dispatcherServlet'
2022-02-23 14:42:58.234  INFO 17112 --- [http-nio-8800-exec-1] o.s.web.servlet.DispatcherServlet        : Completed initialization in 1 ms
2022-02-23 14:42:58.255  INFO 17112 --- [http-nio-8800-exec-1] com.controller.SuccessQueryPMock         : {}
2022-02-23 14:42:58.255  INFO 17112 --- [http-nio-8800-exec-1] com.controller.SuccessQueryPMock         : {"code":"0","data":[{"foodid":"27","foodimg":"https://www.sumzc.com/uploads/2021-01-26/2021012604063464291.jpg","foodname":"燕麦拿铁","medium_cup_original":"29.00","foodprice":"25.5"}],"msg":"OK"}
2022-02-23 14:42:58.573  INFO 17112 --- [http-nio-8800-exec-3] com.controller.SuccesssOrderMock         : {addtime=1645598749, openid=123, order_info=[{"foodname":"燕麦拿铁","num":"2","id":"27"}], order_no=202202221568, phone=12000000021, uidkey=Ej9EMuYb, secret=cada09da71477a0702a8221a87b0813f}
2022-02-23 14:42:58.573  INFO 17112 --- [http-nio-8800-exec-3] com.controller.SuccesssOrderMock         : {"code":"0","msg":"OK"}
2022-02-23 14:46:48.644  INFO 9028 --- [main] com.DemoApplication                      : Starting DemoApplication using Java 1.8.0_241 on HDB-20190422TYC with PID 9028 (D:\demomock\target\classes started by Administrator in D:\demomock)
2022-02-23 14:46:48.648  INFO 9028 --- [main] com.DemoApplication                      : No active profile set, falling back to default profiles: default
2022-02-23 14:46:51.732  INFO 9028 --- [main] o.s.b.w.embedded.tomcat.TomcatWebServer  : Tomcat initialized with port(s): 8800 (http)
2022-02-23 14:46:51.743  INFO 9028 --- [main] o.apache.catalina.core.StandardService   : Starting service [Tomcat]
2022-02-23 14:46:51.744  INFO 9028 --- [main] org.apache.catalina.core.StandardEngine  : Starting Servlet engine: [Apache Tomcat/9.0.53]
2022-02-23 14:46:51.885  INFO 9028 --- [main] o.a.c.c.C.[Tomcat].[localhost].[/]       : Initializing Spring embedded WebApplicationContext
2022-02-23 14:46:51.886  INFO 9028 --- [main] w.s.c.ServletWebServerApplicationContext : Root WebApplicationContext: initialization completed in 3124 ms
2022-02-23 14:46:52.290  INFO 9028 --- [main] pertySourcedRequestMappingHandlerMapping : Mapped URL path [/v2/api-docs] onto method [springfox.documentation.swagger2.web.Swagger2Controller#getDocumentation(String, HttpServletRequest)]
2022-02-23 14:46:52.529  INFO 9028 --- [main] o.s.b.w.embedded.tomcat.TomcatWebServer  : Tomcat started on port(s): 8800 (http) with context path ''
2022-02-23 14:46:52.530  INFO 9028 --- [main] d.s.w.p.DocumentationPluginsBootstrapper : Context refreshed
2022-02-23 14:46:52.545  INFO 9028 --- [main] d.s.w.p.DocumentationPluginsBootstrapper : Found 1 custom documentation plugin(s)
2022-02-23 14:46:52.579  INFO 9028 --- [main] s.d.s.w.s.ApiListingReferenceScanner     : Scanning for api listing references
2022-02-23 14:46:52.774  INFO 9028 --- [main] .d.s.w.r.o.CachingOperationNameGenerator : Generating unique operation named: successOrderMockUsingPOST_1
2022-02-23 14:46:52.797  INFO 9028 --- [main] com.DemoApplication                      : Started DemoApplication in 4.908 seconds (JVM running for 6.246)
2022-02-23 14:48:03.146  INFO 9028 --- [http-nio-8800-exec-1] o.a.c.c.C.[Tomcat].[localhost].[/]       : Initializing Spring DispatcherServlet 'dispatcherServlet'
2022-02-23 14:48:03.146  INFO 9028 --- [http-nio-8800-exec-1] o.s.web.servlet.DispatcherServlet        : Initializing Servlet 'dispatcherServlet'
2022-02-23 14:48:03.147  INFO 9028 --- [http-nio-8800-exec-1] o.s.web.servlet.DispatcherServlet        : Completed initialization in 0 ms
2022-02-23 14:48:03.168  INFO 9028 --- [http-nio-8800-exec-1] com.controller.SuccessQueryMock          : {"code":"100","data":{"order":[{"order_no":"202202221568","orderid":"111129","foodimg":"https://www.laoluo100.com/gLD_management/./upload/2021-01-26/2021012604063464291.jpg","phone":"12000000021","openid":"123","foodid":"27","finish_order_time":"1632643897","proname":"燕麦拿铁","order_time":"1632643897","state":"0"},{"order_no":"202202221568","orderid":"111130","foodimg":"https://www.laoluo100.com/gLD_management/./upload/2021-01-26/2021012604063464292.jpg","phone":"12000000021","openid":"123","foodid":"27","finish_order_time":"1632643897","proname":"燕麦拿铁","order_time":"1632643897","state":"0"}],"total":2},"msg":"OK"}
2022-02-23 14:56:21.811  INFO 9028 --- [http-nio-8800-exec-3] com.controller.SuccessQueryMock          : {"code":"100","data":{"order":[{"order_no":"202202221568","orderid":"111129","foodimg":"https://www.laoluo100.com/gLD_management/./upload/2021-01-26/2021012604063464291.jpg","phone":"12000000021","openid":"123","foodid":"27","finish_order_time":"1632643897","proname":"燕麦拿铁","order_time":"1632643897","state":"0"},{"order_no":"202202221568","orderid":"111130","foodimg":"https://www.laoluo100.com/gLD_management/./upload/2021-01-26/2021012604063464292.jpg","phone":"12000000021","openid":"123","foodid":"27","finish_order_time":"1632643897","proname":"燕麦拿铁","order_time":"1632643897","state":"0"}],"total":2},"msg":"OK"}
2022-02-23 15:01:15.373  INFO 9028 --- [http-nio-8800-exec-5] com.controller.SuccessQueryPMock         : {}
2022-02-23 15:01:15.374  INFO 9028 --- [http-nio-8800-exec-5] com.controller.SuccessQueryPMock         : {"code":"0","data":[{"foodid":"27","foodimg":"https://www.sumzc.com/uploads/2021-01-26/2021012604063464291.jpg","foodname":"燕麦拿铁","medium_cup_original":"29.00","foodprice":"25.5"}],"msg":"OK"}
2022-02-23 15:01:15.650  INFO 9028 --- [http-nio-8800-exec-7] com.controller.SuccesssOrderMock         : {addtime=1645599846, openid=123, order_info=[{"foodname":"燕麦拿铁","num":"2","id":"27"}], order_no=202202221569, phone=12000000021, uidkey=Ej9EMuYb, secret=55b3d888df82bf82b5bb76267536adbc}
2022-02-23 15:01:15.650  INFO 9028 --- [http-nio-8800-exec-7] com.controller.SuccesssOrderMock         : {"code":"0","msg":"OK"}
2022-02-23 15:02:19.070  INFO 1192 --- [main] com.DemoApplication                      : Starting DemoApplication using Java 1.8.0_241 on HDB-20190422TYC with PID 1192 (D:\demomock\target\classes started by Administrator in D:\demomock)
2022-02-23 15:02:19.074  INFO 1192 --- [main] com.DemoApplication                      : No active profile set, falling back to default profiles: default
2022-02-23 15:02:21.441  INFO 1192 --- [main] o.s.b.w.embedded.tomcat.TomcatWebServer  : Tomcat initialized with port(s): 8800 (http)
2022-02-23 15:02:21.450  INFO 1192 --- [main] o.apache.catalina.core.StandardService   : Starting service [Tomcat]
2022-02-23 15:02:21.451  INFO 1192 --- [main] org.apache.catalina.core.StandardEngine  : Starting Servlet engine: [Apache Tomcat/9.0.53]
2022-02-23 15:02:21.603  INFO 1192 --- [main] o.a.c.c.C.[Tomcat].[localhost].[/]       : Initializing Spring embedded WebApplicationContext
2022-02-23 15:02:21.603  INFO 1192 --- [main] w.s.c.ServletWebServerApplicationContext : Root WebApplicationContext: initialization completed in 2446 ms
2022-02-23 15:02:22.026  INFO 1192 --- [main] pertySourcedRequestMappingHandlerMapping : Mapped URL path [/v2/api-docs] onto method [springfox.documentation.swagger2.web.Swagger2Controller#getDocumentation(String, HttpServletRequest)]
2022-02-23 15:02:22.270  INFO 1192 --- [main] o.s.b.w.embedded.tomcat.TomcatWebServer  : Tomcat started on port(s): 8800 (http) with context path ''
2022-02-23 15:02:22.271  INFO 1192 --- [main] d.s.w.p.DocumentationPluginsBootstrapper : Context refreshed
2022-02-23 15:02:22.286  INFO 1192 --- [main] d.s.w.p.DocumentationPluginsBootstrapper : Found 1 custom documentation plugin(s)
2022-02-23 15:02:22.322  INFO 1192 --- [main] s.d.s.w.s.ApiListingReferenceScanner     : Scanning for api listing references
2022-02-23 15:02:22.536  INFO 1192 --- [main] .d.s.w.r.o.CachingOperationNameGenerator : Generating unique operation named: successOrderMockUsingPOST_1
2022-02-23 15:02:22.558  INFO 1192 --- [main] com.DemoApplication                      : Started DemoApplication in 4.195 seconds (JVM running for 5.573)
2022-02-23 15:02:51.758  INFO 1192 --- [http-nio-8800-exec-1] o.a.c.c.C.[Tomcat].[localhost].[/]       : Initializing Spring DispatcherServlet 'dispatcherServlet'
2022-02-23 15:02:51.758  INFO 1192 --- [http-nio-8800-exec-1] o.s.web.servlet.DispatcherServlet        : Initializing Servlet 'dispatcherServlet'
2022-02-23 15:02:51.760  INFO 1192 --- [http-nio-8800-exec-1] o.s.web.servlet.DispatcherServlet        : Completed initialization in 2 ms
2022-02-23 15:04:32.402  INFO 1192 --- [http-nio-8800-exec-2] com.controller.SuccessQueryMock          : {"code":"0","data":{"order":[{"order_no":"202202221569","orderid":"111131","foodimg":"https://www.laoluo100.com/gLD_management/./upload/2021-01-26/2021012604063464291.jpg","phone":"12000000021","openid":"123","foodid":"27","finish_order_time":"1632643897","proname":"燕麦拿铁","order_time":"1632643897","state":"0"},{"order_no":"202202221569","orderid":"111132","foodimg":"https://www.laoluo100.com/gLD_management/./upload/2021-01-26/2021012604063464292.jpg","phone":"12000000021","openid":"123","foodid":"27","finish_order_time":"1632643897","proname":"燕麦拿铁","order_time":"1632643897","state":"0"}],"total":2},"msg":"OK"}
2022-02-23 15:04:33.470  INFO 1192 --- [http-nio-8800-exec-4] com.controller.SuccessQueryPMock         : {}
2022-02-23 15:04:33.471  INFO 1192 --- [http-nio-8800-exec-4] com.controller.SuccessQueryPMock         : {"code":"0","data":[{"foodid":"27","foodimg":"https://www.sumzc.com/uploads/2021-01-26/2021012604063464291.jpg","foodname":"燕麦拿铁","medium_cup_original":"29.00","foodprice":"25.5"}],"msg":"OK"}
2022-02-23 15:04:33.617  INFO 1192 --- [http-nio-8800-exec-6] com.controller.SuccessQueryPMock         : {}
2022-02-23 15:04:33.618  INFO 1192 --- [http-nio-8800-exec-6] com.controller.SuccessQueryPMock         : {"code":"0","data":[{"foodid":"27","foodimg":"https://www.sumzc.com/uploads/2021-01-26/2021012604063464291.jpg","foodname":"燕麦拿铁","medium_cup_original":"29.00","foodprice":"25.5"}],"msg":"OK"}
2022-02-23 15:04:33.709  INFO 1192 --- [http-nio-8800-exec-8] com.controller.SuccessQueryPMock         : {}
2022-02-23 15:04:33.710  INFO 1192 --- [http-nio-8800-exec-8] com.controller.SuccessQueryPMock         : {"code":"0","data":[{"foodid":"27","foodimg":"https://www.sumzc.com/uploads/2021-01-26/2021012604063464291.jpg","foodname":"燕麦拿铁","medium_cup_original":"29.00","foodprice":"25.5"}],"msg":"OK"}
2022-02-23 15:04:33.723  INFO 1192 --- [http-nio-8800-exec-10] com.controller.SuccessQueryPMock         : {}
2022-02-23 15:04:33.724  INFO 1192 --- [http-nio-8800-exec-10] com.controller.SuccessQueryPMock         : {"code":"0","data":[{"foodid":"27","foodimg":"https://www.sumzc.com/uploads/2021-01-26/2021012604063464291.jpg","foodname":"燕麦拿铁","medium_cup_original":"29.00","foodprice":"25.5"}],"msg":"OK"}
2022-02-23 15:06:26.275  INFO 13296 --- [main] com.DemoApplication                      : Starting DemoApplication using Java 1.8.0_241 on HDB-20190422TYC with PID 13296 (D:\demomock\target\classes started by Administrator in D:\demomock)
2022-02-23 15:06:26.287  INFO 13296 --- [main] com.DemoApplication                      : No active profile set, falling back to default profiles: default
2022-02-23 15:06:29.363  INFO 13296 --- [main] o.s.b.w.embedded.tomcat.TomcatWebServer  : Tomcat initialized with port(s): 8800 (http)
2022-02-23 15:06:29.374  INFO 13296 --- [main] o.apache.catalina.core.StandardService   : Starting service [Tomcat]
2022-02-23 15:06:29.374  INFO 13296 --- [main] org.apache.catalina.core.StandardEngine  : Starting Servlet engine: [Apache Tomcat/9.0.53]
2022-02-23 15:06:29.507  INFO 13296 --- [main] o.a.c.c.C.[Tomcat].[localhost].[/]       : Initializing Spring embedded WebApplicationContext
2022-02-23 15:06:29.508  INFO 13296 --- [main] w.s.c.ServletWebServerApplicationContext : Root WebApplicationContext: initialization completed in 3101 ms
2022-02-23 15:06:29.917  INFO 13296 --- [main] pertySourcedRequestMappingHandlerMapping : Mapped URL path [/v2/api-docs] onto method [springfox.documentation.swagger2.web.Swagger2Controller#getDocumentation(String, HttpServletRequest)]
2022-02-23 15:06:30.166  INFO 13296 --- [main] o.s.b.w.embedded.tomcat.TomcatWebServer  : Tomcat started on port(s): 8800 (http) with context path ''
2022-02-23 15:06:30.167  INFO 13296 --- [main] d.s.w.p.DocumentationPluginsBootstrapper : Context refreshed
2022-02-23 15:06:30.182  INFO 13296 --- [main] d.s.w.p.DocumentationPluginsBootstrapper : Found 1 custom documentation plugin(s)
2022-02-23 15:06:30.234  INFO 13296 --- [main] s.d.s.w.s.ApiListingReferenceScanner     : Scanning for api listing references
2022-02-23 15:06:30.445  INFO 13296 --- [main] .d.s.w.r.o.CachingOperationNameGenerator : Generating unique operation named: successOrderMockUsingPOST_1
2022-02-23 15:06:30.466  INFO 13296 --- [main] com.DemoApplication                      : Started DemoApplication in 4.929 seconds (JVM running for 6.248)
2022-02-23 15:06:53.600  INFO 13296 --- [http-nio-8800-exec-1] o.a.c.c.C.[Tomcat].[localhost].[/]       : Initializing Spring DispatcherServlet 'dispatcherServlet'
2022-02-23 15:06:53.600  INFO 13296 --- [http-nio-8800-exec-1] o.s.web.servlet.DispatcherServlet        : Initializing Servlet 'dispatcherServlet'
2022-02-23 15:06:53.601  INFO 13296 --- [http-nio-8800-exec-1] o.s.web.servlet.DispatcherServlet        : Completed initialization in 1 ms
2022-02-23 15:06:53.623  INFO 13296 --- [http-nio-8800-exec-1] com.controller.SuccessQueryPMock         : {}
2022-02-23 15:06:53.624  INFO 13296 --- [http-nio-8800-exec-1] com.controller.SuccessQueryPMock         : {"code":"0","data":[{"foodid":"27","foodimg":"https://www.sumzc.com/uploads/2021-01-26/2021012604063464291.jpg","foodname":"燕麦拿铁","medium_cup_original":"29.00","foodprice":"25.5"}],"msg":"OK"}
2022-02-23 15:06:53.734  INFO 13296 --- [http-nio-8800-exec-2] com.controller.SuccesssOrderMock         : {addtime=1645600184, openid=123, order_info=[{"foodname":"燕麦拿铁","num":"2","id":"27"}], order_no=202202221571, phone=12000000021, uidkey=Ej9EMuYb, secret=f1269a856f20160b0b0f89f0ed647e18}
2022-02-23 15:06:53.734  INFO 13296 --- [http-nio-8800-exec-2] com.controller.SuccesssOrderMock         : {"code":"1","msg":"OK"}
2022-02-23 15:08:29.181  INFO 8888 --- [main] com.DemoApplication                      : Starting DemoApplication using Java 1.8.0_241 on HDB-20190422TYC with PID 8888 (D:\demomock\target\classes started by Administrator in D:\demomock)
2022-02-23 15:08:29.186  INFO 8888 --- [main] com.DemoApplication                      : No active profile set, falling back to default profiles: default
2022-02-23 15:08:31.660  INFO 8888 --- [main] o.s.b.w.embedded.tomcat.TomcatWebServer  : Tomcat initialized with port(s): 8800 (http)
2022-02-23 15:08:31.672  INFO 8888 --- [main] o.apache.catalina.core.StandardService   : Starting service [Tomcat]
2022-02-23 15:08:31.673  INFO 8888 --- [main] org.apache.catalina.core.StandardEngine  : Starting Servlet engine: [Apache Tomcat/9.0.53]
2022-02-23 15:08:31.802  INFO 8888 --- [main] o.a.c.c.C.[Tomcat].[localhost].[/]       : Initializing Spring embedded WebApplicationContext
2022-02-23 15:08:31.802  INFO 8888 --- [main] w.s.c.ServletWebServerApplicationContext : Root WebApplicationContext: initialization completed in 2516 ms
2022-02-23 15:08:32.231  INFO 8888 --- [main] pertySourcedRequestMappingHandlerMapping : Mapped URL path [/v2/api-docs] onto method [springfox.documentation.swagger2.web.Swagger2Controller#getDocumentation(String, HttpServletRequest)]
2022-02-23 15:08:32.556  INFO 8888 --- [main] o.s.b.w.embedded.tomcat.TomcatWebServer  : Tomcat started on port(s): 8800 (http) with context path ''
2022-02-23 15:08:32.557  INFO 8888 --- [main] d.s.w.p.DocumentationPluginsBootstrapper : Context refreshed
2022-02-23 15:08:32.573  INFO 8888 --- [main] d.s.w.p.DocumentationPluginsBootstrapper : Found 1 custom documentation plugin(s)
2022-02-23 15:08:32.618  INFO 8888 --- [main] s.d.s.w.s.ApiListingReferenceScanner     : Scanning for api listing references
2022-02-23 15:08:32.835  INFO 8888 --- [main] .d.s.w.r.o.CachingOperationNameGenerator : Generating unique operation named: successOrderMockUsingPOST_1
2022-02-23 15:08:32.854  INFO 8888 --- [main] com.DemoApplication                      : Started DemoApplication in 4.558 seconds (JVM running for 6.049)
2022-02-23 15:09:10.729  INFO 11668 --- [main] com.DemoApplication                      : Starting DemoApplication using Java 1.8.0_241 on HDB-20190422TYC with PID 11668 (D:\demomock\target\classes started by Administrator in D:\demomock)
2022-02-23 15:09:10.732  INFO 11668 --- [main] com.DemoApplication                      : No active profile set, falling back to default profiles: default
2022-02-23 15:09:13.147  INFO 11668 --- [main] o.s.b.w.embedded.tomcat.TomcatWebServer  : Tomcat initialized with port(s): 8800 (http)
2022-02-23 15:09:13.156  INFO 11668 --- [main] o.apache.catalina.core.StandardService   : Starting service [Tomcat]
2022-02-23 15:09:13.157  INFO 11668 --- [main] org.apache.catalina.core.StandardEngine  : Starting Servlet engine: [Apache Tomcat/9.0.53]
2022-02-23 15:09:13.284  INFO 11668 --- [main] o.a.c.c.C.[Tomcat].[localhost].[/]       : Initializing Spring embedded WebApplicationContext
2022-02-23 15:09:13.285  INFO 11668 --- [main] w.s.c.ServletWebServerApplicationContext : Root WebApplicationContext: initialization completed in 2466 ms
2022-02-23 15:09:13.726  INFO 11668 --- [main] pertySourcedRequestMappingHandlerMapping : Mapped URL path [/v2/api-docs] onto method [springfox.documentation.swagger2.web.Swagger2Controller#getDocumentation(String, HttpServletRequest)]
2022-02-23 15:09:14.040  INFO 11668 --- [main] o.s.b.w.embedded.tomcat.TomcatWebServer  : Tomcat started on port(s): 8800 (http) with context path ''
2022-02-23 15:09:14.042  INFO 11668 --- [main] d.s.w.p.DocumentationPluginsBootstrapper : Context refreshed
2022-02-23 15:09:14.055  INFO 11668 --- [main] d.s.w.p.DocumentationPluginsBootstrapper : Found 1 custom documentation plugin(s)
2022-02-23 15:09:14.090  INFO 11668 --- [main] s.d.s.w.s.ApiListingReferenceScanner     : Scanning for api listing references
2022-02-23 15:09:14.316  INFO 11668 --- [main] .d.s.w.r.o.CachingOperationNameGenerator : Generating unique operation named: successOrderMockUsingPOST_1
2022-02-23 15:09:14.337  INFO 11668 --- [main] com.DemoApplication                      : Started DemoApplication in 4.446 seconds (JVM running for 5.931)
2022-02-23 15:09:40.129  INFO 11668 --- [http-nio-8800-exec-1] o.a.c.c.C.[Tomcat].[localhost].[/]       : Initializing Spring DispatcherServlet 'dispatcherServlet'
2022-02-23 15:09:40.129  INFO 11668 --- [http-nio-8800-exec-1] o.s.web.servlet.DispatcherServlet        : Initializing Servlet 'dispatcherServlet'
2022-02-23 15:09:40.131  INFO 11668 --- [http-nio-8800-exec-1] o.s.web.servlet.DispatcherServlet        : Completed initialization in 2 ms
2022-02-23 15:09:40.151  INFO 11668 --- [http-nio-8800-exec-1] com.controller.SuccessQueryPMock         : {}
2022-02-23 15:09:40.151  INFO 11668 --- [http-nio-8800-exec-1] com.controller.SuccessQueryPMock         : {"code":"0","data":[{"foodid":"27","foodimg":"https://www.sumzc.com/uploads/2021-01-26/2021012604063464291.jpg","foodname":"燕麦拿铁","medium_cup_original":"29.00","foodprice":"25.5"}],"msg":"OK"}
2022-02-23 15:09:40.262  INFO 11668 --- [http-nio-8800-exec-2] com.controller.SuccesssOrderMock         : {addtime=1645600350, openid=123, order_info=[{"foodname":"燕麦拿铁","num":"2","id":"27"}], order_no=202202221573, phone=12000000021, uidkey=Ej9EMuYb, secret=6e2bd44a9d5de876df4efb5a4fad07fa}
2022-02-23 15:09:40.262  INFO 11668 --- [http-nio-8800-exec-2] com.controller.SuccesssOrderMock         : {"code":"1","msg":"OK"}
2022-02-23 15:10:17.348  INFO 12176 --- [main] com.DemoApplication                      : Starting DemoApplication using Java 1.8.0_241 on HDB-20190422TYC with PID 12176 (D:\demomock\target\classes started by Administrator in D:\demomock)
2022-02-23 15:10:17.353  INFO 12176 --- [main] com.DemoApplication                      : No active profile set, falling back to default profiles: default
2022-02-23 15:10:19.909  INFO 12176 --- [main] o.s.b.w.embedded.tomcat.TomcatWebServer  : Tomcat initialized with port(s): 8800 (http)
2022-02-23 15:10:19.919  INFO 12176 --- [main] o.apache.catalina.core.StandardService   : Starting service [Tomcat]
2022-02-23 15:10:19.919  INFO 12176 --- [main] org.apache.catalina.core.StandardEngine  : Starting Servlet engine: [Apache Tomcat/9.0.53]
2022-02-23 15:10:20.052  INFO 12176 --- [main] o.a.c.c.C.[Tomcat].[localhost].[/]       : Initializing Spring embedded WebApplicationContext
2022-02-23 15:10:20.053  INFO 12176 --- [main] w.s.c.ServletWebServerApplicationContext : Root WebApplicationContext: initialization completed in 2610 ms
2022-02-23 15:10:20.449  INFO 12176 --- [main] pertySourcedRequestMappingHandlerMapping : Mapped URL path [/v2/api-docs] onto method [springfox.documentation.swagger2.web.Swagger2Controller#getDocumentation(String, HttpServletRequest)]
2022-02-23 15:10:20.703  INFO 12176 --- [main] o.s.b.w.embedded.tomcat.TomcatWebServer  : Tomcat started on port(s): 8800 (http) with context path ''
2022-02-23 15:10:20.704  INFO 12176 --- [main] d.s.w.p.DocumentationPluginsBootstrapper : Context refreshed
2022-02-23 15:10:20.719  INFO 12176 --- [main] d.s.w.p.DocumentationPluginsBootstrapper : Found 1 custom documentation plugin(s)
2022-02-23 15:10:20.754  INFO 12176 --- [main] s.d.s.w.s.ApiListingReferenceScanner     : Scanning for api listing references
2022-02-23 15:10:20.950  INFO 12176 --- [main] .d.s.w.r.o.CachingOperationNameGenerator : Generating unique operation named: successOrderMockUsingPOST_1
2022-02-23 15:10:20.970  INFO 12176 --- [main] com.DemoApplication                      : Started DemoApplication in 4.507 seconds (JVM running for 6.23)
2022-02-23 15:11:06.938  INFO 12176 --- [http-nio-8800-exec-1] o.a.c.c.C.[Tomcat].[localhost].[/]       : Initializing Spring DispatcherServlet 'dispatcherServlet'
2022-02-23 15:11:06.938  INFO 12176 --- [http-nio-8800-exec-1] o.s.web.servlet.DispatcherServlet        : Initializing Servlet 'dispatcherServlet'
2022-02-23 15:11:06.939  INFO 12176 --- [http-nio-8800-exec-1] o.s.web.servlet.DispatcherServlet        : Completed initialization in 1 ms
2022-02-23 15:11:06.962  INFO 12176 --- [http-nio-8800-exec-1] com.controller.SuccessQueryPMock         : {}
2022-02-23 15:11:06.962  INFO 12176 --- [http-nio-8800-exec-1] com.controller.SuccessQueryPMock         : {"code":"0","data":[{"foodid":"27","foodimg":"https://www.sumzc.com/uploads/2021-01-26/2021012604063464291.jpg","foodname":"燕麦拿铁","medium_cup_original":"29.00","foodprice":"25.5"}],"msg":"OK"}
2022-02-23 15:11:07.080  INFO 12176 --- [http-nio-8800-exec-2] com.controller.SuccesssOrderMock         : {addtime=1645600437, openid=123, order_info=[{"foodname":"燕麦拿铁","num":"2","id":"27"}], order_no=202202221574, phone=12000000021, uidkey=Ej9EMuYb, secret=b12dec75ad4938d005b760439140084d}
2022-02-23 15:11:07.081  INFO 12176 --- [http-nio-8800-exec-2] com.controller.SuccesssOrderMock         : {"code":"0","msg":"OK"}
2022-02-23 15:11:07.105  INFO 12176 --- [http-nio-8800-exec-4] com.controller.SuccessQueryMock          : {"code":"10","data":{"order":[{"order_no":"202202221574","orderid":"111133","foodimg":"https://www.laoluo100.com/gLD_management/./upload/2021-01-26/2021012604063464291.jpg","phone":"12000000021","openid":"123","foodid":"27","finish_order_time":"1632643897","proname":"燕麦拿铁","order_time":"1632643897","state":"0"},{"order_no":"202202221574","orderid":"111134","foodimg":"https://www.laoluo100.com/gLD_management/./upload/2021-01-26/2021012604063464292.jpg","phone":"12000000021","openid":"123","foodid":"27","finish_order_time":"1632643897","proname":"燕麦拿铁","order_time":"1632643897","state":"0"}],"total":2},"msg":"OK"}
2022-02-23 15:13:44.879  INFO 15964 --- [main] com.DemoApplication                      : Starting DemoApplication using Java 1.8.0_241 on HDB-20190422TYC with PID 15964 (D:\demomock\target\classes started by Administrator in D:\demomock)
2022-02-23 15:13:44.883  INFO 15964 --- [main] com.DemoApplication                      : No active profile set, falling back to default profiles: default
2022-02-23 15:13:47.460  INFO 15964 --- [main] o.s.b.w.embedded.tomcat.TomcatWebServer  : Tomcat initialized with port(s): 8800 (http)
2022-02-23 15:13:47.470  INFO 15964 --- [main] o.apache.catalina.core.StandardService   : Starting service [Tomcat]
2022-02-23 15:13:47.470  INFO 15964 --- [main] org.apache.catalina.core.StandardEngine  : Starting Servlet engine: [Apache Tomcat/9.0.53]
2022-02-23 15:13:47.608  INFO 15964 --- [main] o.a.c.c.C.[Tomcat].[localhost].[/]       : Initializing Spring embedded WebApplicationContext
2022-02-23 15:13:47.609  INFO 15964 --- [main] w.s.c.ServletWebServerApplicationContext : Root WebApplicationContext: initialization completed in 2659 ms
2022-02-23 15:13:48.053  INFO 15964 --- [main] pertySourcedRequestMappingHandlerMapping : Mapped URL path [/v2/api-docs] onto method [springfox.documentation.swagger2.web.Swagger2Controller#getDocumentation(String, HttpServletRequest)]
2022-02-23 15:13:48.308  INFO 15964 --- [main] o.s.b.w.embedded.tomcat.TomcatWebServer  : Tomcat started on port(s): 8800 (http) with context path ''
2022-02-23 15:13:48.309  INFO 15964 --- [main] d.s.w.p.DocumentationPluginsBootstrapper : Context refreshed
2022-02-23 15:13:48.329  INFO 15964 --- [main] d.s.w.p.DocumentationPluginsBootstrapper : Found 1 custom documentation plugin(s)
2022-02-23 15:13:48.394  INFO 15964 --- [main] s.d.s.w.s.ApiListingReferenceScanner     : Scanning for api listing references
2022-02-23 15:13:48.724  INFO 15964 --- [main] .d.s.w.r.o.CachingOperationNameGenerator : Generating unique operation named: successOrderMockUsingPOST_1
2022-02-23 15:13:48.746  INFO 15964 --- [main] com.DemoApplication                      : Started DemoApplication in 4.625 seconds (JVM running for 5.919)
2022-02-23 15:14:08.211  INFO 15964 --- [http-nio-8800-exec-1] o.a.c.c.C.[Tomcat].[localhost].[/]       : Initializing Spring DispatcherServlet 'dispatcherServlet'
2022-02-23 15:14:08.212  INFO 15964 --- [http-nio-8800-exec-1] o.s.web.servlet.DispatcherServlet        : Initializing Servlet 'dispatcherServlet'
2022-02-23 15:14:08.214  INFO 15964 --- [http-nio-8800-exec-1] o.s.web.servlet.DispatcherServlet        : Completed initialization in 2 ms
2022-02-23 15:14:08.244  INFO 15964 --- [http-nio-8800-exec-1] com.controller.SuccessQueryPMock         : {}
2022-02-23 15:14:08.244  INFO 15964 --- [http-nio-8800-exec-1] com.controller.SuccessQueryPMock         : {"code":"0","data":[{"foodid":"27","foodimg":"https://www.sumzc.com/uploads/2021-01-26/2021012604063464291.jpg","foodname":"燕麦拿铁","medium_cup_original":"29.00","foodprice":"25.5"}],"msg":"OK"}
2022-02-23 15:14:08.347  INFO 15964 --- [http-nio-8800-exec-3] com.controller.SuccesssOrderMock         : {addtime=1645600618, openid=123, order_info=[{"foodname":"燕麦拿铁","num":"2","id":"27"}], order_no=202202221575, phone=12000000021, uidkey=Ej9EMuYb, secret=527f0e1f367787b8cd74570fb1225c82}
2022-02-23 15:14:08.348  INFO 15964 --- [http-nio-8800-exec-3] com.controller.SuccesssOrderMock         : {"code":"0","msg":"OK"}
2022-02-23 15:14:08.368  INFO 15964 --- [http-nio-8800-exec-5] com.controller.SuccessQueryMock          : {"code":"0","data":{"order":[{"order_no":"202202221575","orderid":"111136","foodimg":"https://www.laoluo100.com/gLD_management/./upload/2021-01-26/2021012604063464291.jpg","phone":"12000000021","openid":"123","foodid":"27","finish_order_time":"1632643897","proname":"燕麦拿铁","order_time":"1632643897","state":"0"},{"order_no":"202202221575","orderid":"111137","foodimg":"https://www.laoluo100.com/gLD_management/./upload/2021-01-26/2021012604063464292.jpg","phone":"12000000021","openid":"123","foodid":"27","finish_order_time":"1632643897","proname":"燕麦拿铁","order_time":"1632643897","state":"0"}],"total":2},"msg":"OK"}
2022-02-23 15:14:08.382  INFO 15964 --- [http-nio-8800-exec-7] com.controller.SuccessQueryPMock         : {}
2022-02-23 15:14:08.382  INFO 15964 --- [http-nio-8800-exec-7] com.controller.SuccessQueryPMock         : {"code":"0","data":[{"foodid":"27","foodimg":"https://www.sumzc.com/uploads/2021-01-26/2021012604063464291.jpg","foodname":"燕麦拿铁","medium_cup_original":"29.00","foodprice":"25.5"}],"msg":"OK"}
2022-02-23 15:14:08.396  INFO 15964 --- [http-nio-8800-exec-9] com.controller.SuccessQueryPMock         : {}
2022-02-23 15:14:08.397  INFO 15964 --- [http-nio-8800-exec-9] com.controller.SuccessQueryPMock         : {"code":"0","data":[{"foodid":"27","foodimg":"https://www.sumzc.com/uploads/2021-01-26/2021012604063464291.jpg","foodname":"燕麦拿铁","medium_cup_original":"29.00","foodprice":"25.5"}],"msg":"OK"}
2022-02-23 15:14:08.419  INFO 15964 --- [http-nio-8800-exec-1] com.controller.SuccessQueryPMock         : {}
2022-02-23 15:14:08.419  INFO 15964 --- [http-nio-8800-exec-1] com.controller.SuccessQueryPMock         : {"code":"0","data":[{"foodid":"27","foodimg":"https://www.sumzc.com/uploads/2021-01-26/2021012604063464291.jpg","foodname":"燕麦拿铁","medium_cup_original":"29.00","foodprice":"25.5"}],"msg":"OK"}
2022-02-23 15:14:08.433  INFO 15964 --- [http-nio-8800-exec-3] com.controller.SuccessQueryPMock         : {}
2022-02-23 15:14:08.435  INFO 15964 --- [http-nio-8800-exec-3] com.controller.SuccessQueryPMock         : {"code":"0","data":[{"foodid":"27","foodimg":"https://www.sumzc.com/uploads/2021-01-26/2021012604063464291.jpg","foodname":"燕麦拿铁","medium_cup_original":"29.00","foodprice":"25.5"}],"msg":"OK"}
2022-02-23 15:19:41.045  INFO 9916 --- [main] com.DemoApplication                      : Starting DemoApplication using Java 1.8.0_241 on HDB-20190422TYC with PID 9916 (D:\demomock\target\classes started by Administrator in D:\demomock)
2022-02-23 15:19:41.049  INFO 9916 --- [main] com.DemoApplication                      : No active profile set, falling back to default profiles: default
2022-02-23 15:19:43.431  INFO 9916 --- [main] o.s.b.w.embedded.tomcat.TomcatWebServer  : Tomcat initialized with port(s): 8800 (http)
2022-02-23 15:19:43.441  INFO 9916 --- [main] o.apache.catalina.core.StandardService   : Starting service [Tomcat]
2022-02-23 15:19:43.441  INFO 9916 --- [main] org.apache.catalina.core.StandardEngine  : Starting Servlet engine: [Apache Tomcat/9.0.53]
2022-02-23 15:19:43.576  INFO 9916 --- [main] o.a.c.c.C.[Tomcat].[localhost].[/]       : Initializing Spring embedded WebApplicationContext
2022-02-23 15:19:43.576  INFO 9916 --- [main] w.s.c.ServletWebServerApplicationContext : Root WebApplicationContext: initialization completed in 2434 ms
2022-02-23 15:19:43.986  INFO 9916 --- [main] pertySourcedRequestMappingHandlerMapping : Mapped URL path [/v2/api-docs] onto method [springfox.documentation.swagger2.web.Swagger2Controller#getDocumentation(String, HttpServletRequest)]
2022-02-23 15:19:44.225  INFO 9916 --- [main] o.s.b.w.embedded.tomcat.TomcatWebServer  : Tomcat started on port(s): 8800 (http) with context path ''
2022-02-23 15:19:44.227  INFO 9916 --- [main] d.s.w.p.DocumentationPluginsBootstrapper : Context refreshed
2022-02-23 15:19:44.242  INFO 9916 --- [main] d.s.w.p.DocumentationPluginsBootstrapper : Found 1 custom documentation plugin(s)
2022-02-23 15:19:44.276  INFO 9916 --- [main] s.d.s.w.s.ApiListingReferenceScanner     : Scanning for api listing references
2022-02-23 15:19:44.468  INFO 9916 --- [main] .d.s.w.r.o.CachingOperationNameGenerator : Generating unique operation named: successOrderMockUsingPOST_1
2022-02-23 15:19:44.491  INFO 9916 --- [main] com.DemoApplication                      : Started DemoApplication in 4.243 seconds (JVM running for 5.605)
2022-02-23 15:20:01.450  INFO 9916 --- [http-nio-8800-exec-1] o.a.c.c.C.[Tomcat].[localhost].[/]       : Initializing Spring DispatcherServlet 'dispatcherServlet'
2022-02-23 15:20:01.451  INFO 9916 --- [http-nio-8800-exec-1] o.s.web.servlet.DispatcherServlet        : Initializing Servlet 'dispatcherServlet'
2022-02-23 15:20:01.453  INFO 9916 --- [http-nio-8800-exec-1] o.s.web.servlet.DispatcherServlet        : Completed initialization in 2 ms
2022-02-23 15:20:01.478  INFO 9916 --- [http-nio-8800-exec-1] com.controller.SuccessQueryoMock         : {uidkey=Ej9EMuYb, orderid=111136, secret=4bae5fe1114c1a64120cc3232b7bf4ce}
2022-02-23 15:20:01.521  INFO 9916 --- [http-nio-8800-exec-1] com.controller.SuccessQueryoMock         : {"uidkey":"Ej9EMuYb","orderid":"111136","secret":"4bae5fe1114c1a64120cc3232b7bf4ce"}
2022-02-23 15:20:01.541  INFO 9916 --- [http-nio-8800-exec-1] com.controller.SuccessQueryoMock         : 获取的orderid111136
2022-02-23 15:20:01.541  INFO 9916 --- [http-nio-8800-exec-1] com.controller.SuccessQueryoMock         : {"code":"1","data":"","msg":"库存量不足"}
2022-02-23 15:21:22.963  INFO 9916 --- [http-nio-8800-exec-2] com.controller.SuccessQueryoMock         : {uidkey=Ej9EMuYb, orderid=111137, secret=dcf937bc828a0ea0a897ffba6f52ff4c}
2022-02-23 15:21:22.964  INFO 9916 --- [http-nio-8800-exec-2] com.controller.SuccessQueryoMock         : {"uidkey":"Ej9EMuYb","orderid":"111137","secret":"dcf937bc828a0ea0a897ffba6f52ff4c"}
2022-02-23 15:21:22.964  INFO 9916 --- [http-nio-8800-exec-2] com.controller.SuccessQueryoMock         : 获取的orderid111137
2022-02-23 15:21:22.964  INFO 9916 --- [http-nio-8800-exec-2] com.controller.SuccessQueryoMock         : {"code":"0","data":"http://test-img0.qianbao.com/27,3bdab492eba037","msg":"OK"}
2022-02-23 15:30:09.442  INFO 9916 --- [http-nio-8800-exec-4] com.controller.SuccessQueryoMock         : {uidkey=Ej9EMuYb, orderid=111136, secret=4bae5fe1114c1a64120cc3232b7bf4ce}
2022-02-23 15:30:09.443  INFO 9916 --- [http-nio-8800-exec-4] com.controller.SuccessQueryoMock         : {"uidkey":"Ej9EMuYb","orderid":"111136","secret":"4bae5fe1114c1a64120cc3232b7bf4ce"}
2022-02-23 15:30:09.443  INFO 9916 --- [http-nio-8800-exec-4] com.controller.SuccessQueryoMock         : 获取的orderid111136
2022-02-23 15:30:09.443  INFO 9916 --- [http-nio-8800-exec-4] com.controller.SuccessQueryoMock         : {"code":"1","data":"","msg":"库存量不足"}
2022-02-23 15:30:33.308  INFO 9916 --- [http-nio-8800-exec-6] com.controller.SuccessQueryoMock         : {uidkey=Ej9EMuYb, orderid=111137, secret=dcf937bc828a0ea0a897ffba6f52ff4c}
2022-02-23 15:30:33.309  INFO 9916 --- [http-nio-8800-exec-6] com.controller.SuccessQueryoMock         : {"uidkey":"Ej9EMuYb","orderid":"111137","secret":"dcf937bc828a0ea0a897ffba6f52ff4c"}
2022-02-23 15:30:33.310  INFO 9916 --- [http-nio-8800-exec-6] com.controller.SuccessQueryoMock         : 获取的orderid111137
2022-02-23 15:30:33.310  INFO 9916 --- [http-nio-8800-exec-6] com.controller.SuccessQueryoMock         : {"code":"0","data":"http://test-img0.qianbao.com/27,3bdab492eba037","msg":"OK"}
2022-02-23 15:42:38.639  INFO 9916 --- [http-nio-8800-exec-8] com.controller.SuccessQueryoMock         : {uidkey=Ej9EMuYb, orderid=111136, secret=4bae5fe1114c1a64120cc3232b7bf4ce}
2022-02-23 15:42:38.640  INFO 9916 --- [http-nio-8800-exec-8] com.controller.SuccessQueryoMock         : {"uidkey":"Ej9EMuYb","orderid":"111136","secret":"4bae5fe1114c1a64120cc3232b7bf4ce"}
2022-02-23 15:42:38.641  INFO 9916 --- [http-nio-8800-exec-8] com.controller.SuccessQueryoMock         : 获取的orderid111136
2022-02-23 15:42:38.641  INFO 9916 --- [http-nio-8800-exec-8] com.controller.SuccessQueryoMock         : {"code":"1","data":"","msg":"库存量不足"}
2022-02-23 15:42:53.124  INFO 10420 --- [main] com.DemoApplication                      : Starting DemoApplication using Java 1.8.0_241 on HDB-20190422TYC with PID 10420 (D:\demomock\target\classes started by Administrator in D:\demomock)
2022-02-23 15:42:53.128  INFO 10420 --- [main] com.DemoApplication                      : No active profile set, falling back to default profiles: default
2022-02-23 15:42:55.527  INFO 10420 --- [main] o.s.b.w.embedded.tomcat.TomcatWebServer  : Tomcat initialized with port(s): 8800 (http)
2022-02-23 15:42:55.537  INFO 10420 --- [main] o.apache.catalina.core.StandardService   : Starting service [Tomcat]
2022-02-23 15:42:55.537  INFO 10420 --- [main] org.apache.catalina.core.StandardEngine  : Starting Servlet engine: [Apache Tomcat/9.0.53]
2022-02-23 15:42:55.656  INFO 10420 --- [main] o.a.c.c.C.[Tomcat].[localhost].[/]       : Initializing Spring embedded WebApplicationContext
2022-02-23 15:42:55.656  INFO 10420 --- [main] w.s.c.ServletWebServerApplicationContext : Root WebApplicationContext: initialization completed in 2459 ms
2022-02-23 15:42:56.069  INFO 10420 --- [main] pertySourcedRequestMappingHandlerMapping : Mapped URL path [/v2/api-docs] onto method [springfox.documentation.swagger2.web.Swagger2Controller#getDocumentation(String, HttpServletRequest)]
2022-02-23 15:42:56.310  INFO 10420 --- [main] o.s.b.w.embedded.tomcat.TomcatWebServer  : Tomcat started on port(s): 8800 (http) with context path ''
2022-02-23 15:42:56.311  INFO 10420 --- [main] d.s.w.p.DocumentationPluginsBootstrapper : Context refreshed
2022-02-23 15:42:56.326  INFO 10420 --- [main] d.s.w.p.DocumentationPluginsBootstrapper : Found 1 custom documentation plugin(s)
2022-02-23 15:42:56.366  INFO 10420 --- [main] s.d.s.w.s.ApiListingReferenceScanner     : Scanning for api listing references
2022-02-23 15:42:56.559  INFO 10420 --- [main] .d.s.w.r.o.CachingOperationNameGenerator : Generating unique operation named: successOrderMockUsingPOST_1
2022-02-23 15:42:56.582  INFO 10420 --- [main] com.DemoApplication                      : Started DemoApplication in 4.161 seconds (JVM running for 5.415)
2022-02-23 15:43:24.340  INFO 10420 --- [http-nio-8800-exec-1] o.a.c.c.C.[Tomcat].[localhost].[/]       : Initializing Spring DispatcherServlet 'dispatcherServlet'
2022-02-23 15:43:24.340  INFO 10420 --- [http-nio-8800-exec-1] o.s.web.servlet.DispatcherServlet        : Initializing Servlet 'dispatcherServlet'
2022-02-23 15:43:24.342  INFO 10420 --- [http-nio-8800-exec-1] o.s.web.servlet.DispatcherServlet        : Completed initialization in 1 ms
2022-02-23 15:43:24.362  INFO 10420 --- [http-nio-8800-exec-1] com.controller.SuccessQueryoMock         : {uidkey=Ej9EMuYb, orderid=111136, secret=4bae5fe1114c1a64120cc3232b7bf4ce}
2022-02-23 15:43:24.401  INFO 10420 --- [http-nio-8800-exec-1] com.controller.SuccessQueryoMock         : {"uidkey":"Ej9EMuYb","orderid":"111136","secret":"4bae5fe1114c1a64120cc3232b7bf4ce"}
2022-02-23 15:43:24.419  INFO 10420 --- [http-nio-8800-exec-1] com.controller.SuccessQueryoMock         : 获取的orderid111136
2022-02-23 15:43:24.420  INFO 10420 --- [http-nio-8800-exec-1] com.controller.SuccessQueryoMock         : {"code":"0","data":"http://test-img0.qianbao.com/27,3bdab492eba037","msg":"OK"}
